000 (086.000.000) 03/06 02:08:40 Job submitted from host: <128.83.144.47:58656>
...
001 (086.000.000) 03/06 02:08:51 Job executing on host: <128.83.144.109:57997>
...
006 (086.000.000) 03/06 02:08:59 Image size of job updated: 37035628
	455  -  MemoryUsage of job (MB)
	465660  -  ResidentSetSize of job (KB)
...
006 (086.000.000) 03/06 02:13:59 Image size of job updated: 37035628
	1974  -  MemoryUsage of job (MB)
	2020360  -  ResidentSetSize of job (KB)
...
006 (086.000.000) 03/06 02:19:00 Image size of job updated: 37035628
	2060  -  MemoryUsage of job (MB)
	2108516  -  ResidentSetSize of job (KB)
...
005 (086.000.000) 03/06 03:06:48 Job terminated.
	(1) Normal termination (return value 0)
		Usr 0 00:58:12, Sys 0 00:00:02  -  Run Remote Usage
		Usr 0 00:00:00, Sys 0 00:00:00  -  Run Local Usage
		Usr 0 00:58:12, Sys 0 00:00:02  -  Total Remote Usage
		Usr 0 00:00:00, Sys 0 00:00:00  -  Total Local Usage
	0  -  Run Bytes Sent By Job
	0  -  Run Bytes Received By Job
	0  -  Total Bytes Sent By Job
	0  -  Total Bytes Received By Job
	Partitionable Resources :    Usage  Request Allocated
	   Cpus                 :                 1         1
	   Disk (KB)            :       10       10   7541866
	   Gpus                 :                           0
	   Memory (MB)          :     2060        1      4027
...
000 (103.000.000) 03/06 13:05:04 Job submitted from host: <128.83.144.47:58656>
...
001 (103.000.000) 03/06 13:05:15 Job executing on host: <128.83.144.84:41463>
...
006 (103.000.000) 03/06 13:05:23 Image size of job updated: 35560244
	20  -  MemoryUsage of job (MB)
	20204  -  ResidentSetSize of job (KB)
...
006 (103.000.000) 03/06 13:10:23 Image size of job updated: 37035628
	885  -  MemoryUsage of job (MB)
	906100  -  ResidentSetSize of job (KB)
...
006 (103.000.000) 03/06 13:15:24 Image size of job updated: 37035628
	1141  -  MemoryUsage of job (MB)
	1168012  -  ResidentSetSize of job (KB)
...
006 (103.000.000) 03/06 13:30:25 Image size of job updated: 37035628
	1289  -  MemoryUsage of job (MB)
	1319500  -  ResidentSetSize of job (KB)
...
005 (103.000.000) 03/06 13:48:02 Job terminated.
	(1) Normal termination (return value 0)
		Usr 0 00:43:46, Sys 0 00:00:02  -  Run Remote Usage
		Usr 0 00:00:00, Sys 0 00:00:00  -  Run Local Usage
		Usr 0 00:43:46, Sys 0 00:00:02  -  Total Remote Usage
		Usr 0 00:00:00, Sys 0 00:00:00  -  Total Local Usage
	0  -  Run Bytes Sent By Job
	0  -  Run Bytes Received By Job
	0  -  Total Bytes Sent By Job
	0  -  Total Bytes Received By Job
	Partitionable Resources :    Usage  Request Allocated
	   Cpus                 :                 1         1
	   Disk (KB)            :       10       10   7541874
	   Gpus                 :                           0
	   Memory (MB)          :     1289        1      4027
...
