000 (081.000.000) 03/06 02:08:40 Job submitted from host: <128.83.144.47:58656>
...
001 (081.000.000) 03/06 02:08:51 Job executing on host: <128.83.144.109:57997>
...
006 (081.000.000) 03/06 02:08:59 Image size of job updated: 37035628
	1105  -  MemoryUsage of job (MB)
	1130524  -  ResidentSetSize of job (KB)
...
005 (081.000.000) 03/06 02:10:09 Job terminated.
	(1) Normal termination (return value 0)
		Usr 0 00:01:12, Sys 0 00:00:00  -  Run Remote Usage
		Usr 0 00:00:00, Sys 0 00:00:00  -  Run Local Usage
		Usr 0 00:01:12, Sys 0 00:00:00  -  Total Remote Usage
		Usr 0 00:00:00, Sys 0 00:00:00  -  Total Local Usage
	0  -  Run Bytes Sent By Job
	0  -  Run Bytes Received By Job
	0  -  Total Bytes Sent By Job
	0  -  Total Bytes Received By Job
	Partitionable Resources :    Usage  Request Allocated
	   Cpus                 :                 1         1
	   Disk (KB)            :       10       10   7541866
	   Gpus                 :                           0
	   Memory (MB)          :     1105        1      4027
...
000 (098.000.000) 03/06 13:05:04 Job submitted from host: <128.83.144.47:58656>
...
001 (098.000.000) 03/06 13:05:14 Job executing on host: <128.83.144.84:41463>
...
006 (098.000.000) 03/06 13:05:14 Image size of job updated: 37035460
	0  -  MemoryUsage of job (MB)
	0  -  ResidentSetSize of job (KB)
...
005 (098.000.000) 03/06 13:05:15 Job terminated.
	(1) Normal termination (return value 1)
		Usr 0 00:00:00, Sys 0 00:00:00  -  Run Remote Usage
		Usr 0 00:00:00, Sys 0 00:00:00  -  Run Local Usage
		Usr 0 00:00:00, Sys 0 00:00:00  -  Total Remote Usage
		Usr 0 00:00:00, Sys 0 00:00:00  -  Total Local Usage
	0  -  Run Bytes Sent By Job
	0  -  Run Bytes Received By Job
	0  -  Total Bytes Sent By Job
	0  -  Total Bytes Received By Job
	Partitionable Resources :    Usage  Request Allocated
	   Cpus                 :                 1         1
	   Disk (KB)            :       10       10   7541874
	   Gpus                 :                           0
	   Memory (MB)          :        0        1      4027
...
000 (113.000.000) 03/06 22:13:13 Job submitted from host: <128.83.144.47:57687>
...
001 (113.000.000) 03/06 22:13:42 Job executing on host: <128.83.139.144:46788>
...
006 (113.000.000) 03/06 22:13:42 Image size of job updated: 10
	0  -  MemoryUsage of job (MB)
	0  -  ResidentSetSize of job (KB)
...
005 (113.000.000) 03/06 22:13:42 Job terminated.
	(1) Normal termination (return value 1)
		Usr 0 00:00:00, Sys 0 00:00:00  -  Run Remote Usage
		Usr 0 00:00:00, Sys 0 00:00:00  -  Run Local Usage
		Usr 0 00:00:00, Sys 0 00:00:00  -  Total Remote Usage
		Usr 0 00:00:00, Sys 0 00:00:00  -  Total Local Usage
	0  -  Run Bytes Sent By Job
	0  -  Run Bytes Received By Job
	0  -  Total Bytes Sent By Job
	0  -  Total Bytes Received By Job
	Partitionable Resources :    Usage  Request Allocated
	   Cpus                 :                 1         1
	   Disk (KB)            :       10       10   7541868
	   Gpus                 :                           0
	   Memory (MB)          :        0        1      4027
...
000 (114.000.000) 03/06 22:20:27 Job submitted from host: <128.83.144.47:57687>
...
001 (114.000.000) 03/06 22:20:36 Job executing on host: <128.83.139.144:46788>
...
006 (114.000.000) 03/06 22:20:45 Image size of job updated: 37035628
	1113  -  MemoryUsage of job (MB)
	1138916  -  ResidentSetSize of job (KB)
...
005 (114.000.000) 03/06 22:21:40 Job terminated.
	(1) Normal termination (return value 0)
		Usr 0 00:00:56, Sys 0 00:00:00  -  Run Remote Usage
		Usr 0 00:00:00, Sys 0 00:00:00  -  Run Local Usage
		Usr 0 00:00:56, Sys 0 00:00:00  -  Total Remote Usage
		Usr 0 00:00:00, Sys 0 00:00:00  -  Total Local Usage
	0  -  Run Bytes Sent By Job
	0  -  Run Bytes Received By Job
	0  -  Total Bytes Sent By Job
	0  -  Total Bytes Received By Job
	Partitionable Resources :    Usage  Request Allocated
	   Cpus                 :                 1         1
	   Disk (KB)            :       10       10   7541868
	   Gpus                 :                           0
	   Memory (MB)          :     1113        1      4027
...
