000 (089.000.000) 03/06 02:18:09 Job submitted from host: <128.83.144.47:58656>
...
001 (089.000.000) 03/06 02:18:25 Job executing on host: <128.83.144.109:57997>
...
006 (089.000.000) 03/06 02:18:33 Image size of job updated: 37035628
	251  -  MemoryUsage of job (MB)
	256192  -  ResidentSetSize of job (KB)
...
006 (089.000.000) 03/06 02:23:33 Image size of job updated: 37035628
	4155  -  MemoryUsage of job (MB)
	4253848  -  ResidentSetSize of job (KB)
...
005 (089.000.000) 03/06 05:21:43 Job terminated.
	(1) Normal termination (return value 0)
		Usr 0 03:03:27, Sys 0 00:00:05  -  Run Remote Usage
		Usr 0 00:00:00, Sys 0 00:00:00  -  Run Local Usage
		Usr 0 03:03:27, Sys 0 00:00:05  -  Total Remote Usage
		Usr 0 00:00:00, Sys 0 00:00:00  -  Total Local Usage
	0  -  Run Bytes Sent By Job
	0  -  Run Bytes Received By Job
	0  -  Total Bytes Sent By Job
	0  -  Total Bytes Received By Job
	Partitionable Resources :    Usage  Request Allocated
	   Cpus                 :                 1         1
	   Disk (KB)            :       10       10   7538288
	   Gpus                 :                           0
	   Memory (MB)          :     4155        1      4027
...
000 (106.000.000) 03/06 13:05:09 Job submitted from host: <128.83.144.47:58656>
...
001 (106.000.000) 03/06 13:05:15 Job executing on host: <128.83.144.84:41463>
...
006 (106.000.000) 03/06 13:05:23 Image size of job updated: 35558040
	16  -  MemoryUsage of job (MB)
	16004  -  ResidentSetSize of job (KB)
...
006 (106.000.000) 03/06 13:10:23 Image size of job updated: 37035628
	1037  -  MemoryUsage of job (MB)
	1061540  -  ResidentSetSize of job (KB)
...
006 (106.000.000) 03/06 13:15:24 Image size of job updated: 37035628
	1378  -  MemoryUsage of job (MB)
	1411016  -  ResidentSetSize of job (KB)
...
006 (106.000.000) 03/06 13:20:25 Image size of job updated: 37035628
	1390  -  MemoryUsage of job (MB)
	1423228  -  ResidentSetSize of job (KB)
...
006 (106.000.000) 03/06 13:25:25 Image size of job updated: 37035628
	1409  -  MemoryUsage of job (MB)
	1442132  -  ResidentSetSize of job (KB)
...
006 (106.000.000) 03/06 13:30:26 Image size of job updated: 37035628
	1427  -  MemoryUsage of job (MB)
	1461068  -  ResidentSetSize of job (KB)
...
006 (106.000.000) 03/06 13:50:28 Image size of job updated: 37035628
	1595  -  MemoryUsage of job (MB)
	1632468  -  ResidentSetSize of job (KB)
...
006 (106.000.000) 03/06 14:10:31 Image size of job updated: 37035628
	2206  -  MemoryUsage of job (MB)
	2258528  -  ResidentSetSize of job (KB)
...
006 (106.000.000) 03/06 14:15:31 Image size of job updated: 37035628
	2209  -  MemoryUsage of job (MB)
	2261020  -  ResidentSetSize of job (KB)
...
006 (106.000.000) 03/06 14:20:31 Image size of job updated: 37035628
	2211  -  MemoryUsage of job (MB)
	2264048  -  ResidentSetSize of job (KB)
...
006 (106.000.000) 03/06 14:25:32 Image size of job updated: 37035628
	2214  -  MemoryUsage of job (MB)
	2267028  -  ResidentSetSize of job (KB)
...
006 (106.000.000) 03/06 14:30:33 Image size of job updated: 37035628
	2221  -  MemoryUsage of job (MB)
	2274128  -  ResidentSetSize of job (KB)
...
006 (106.000.000) 03/06 14:35:33 Image size of job updated: 37035628
	2335  -  MemoryUsage of job (MB)
	2390792  -  ResidentSetSize of job (KB)
...
006 (106.000.000) 03/06 14:45:35 Image size of job updated: 37035628
	2372  -  MemoryUsage of job (MB)
	2428064  -  ResidentSetSize of job (KB)
...
022 (106.000.000) 03/06 15:44:38 Job disconnected, attempting to reconnect
    Local schedd and job shadow died, schedd now running again
    Trying to reconnect to slot10@angrist-8.cs.utexas.edu <128.83.144.84:41463>
...
023 (106.000.000) 03/06 15:44:38 Job reconnected to slot10@angrist-8.cs.utexas.edu
    startd address: <128.83.144.84:41463>
    starter address: <128.83.144.84:45525>
...
005 (106.000.000) 03/06 15:44:38 Job terminated.
	(1) Normal termination (return value 0)
		Usr 0 02:11:28, Sys 0 00:00:05  -  Run Remote Usage
		Usr 0 00:00:00, Sys 0 00:00:00  -  Run Local Usage
		Usr 0 02:11:28, Sys 0 00:00:05  -  Total Remote Usage
		Usr 0 00:00:00, Sys 0 00:00:00  -  Total Local Usage
	0  -  Run Bytes Sent By Job
	0  -  Run Bytes Received By Job
	0  -  Total Bytes Sent By Job
	0  -  Total Bytes Received By Job
	Partitionable Resources :    Usage  Request          
	   Cpus                 :                 1          
	   Disk (KB)            :       10       10          
	   Memory (MB)          :     2442     2442          
...
