State #0 "O"
initialWeight=0.0, finalWeight=0.0
#destinations=59
-> O
-> DT
-> NN
-> IN
-> RB
-> VBN
-> TO
-> VB
-> NNP
-> NNS
-> VBZ
-> JJ
-> PRP
-> RBR
-> CD
-> ,
-> VBD
-> .
-> VBG
-> WDT
-> VBP
-> PRP$
-> JJS
-> POS
-> ``
-> EX
-> ''
-> CC
-> WP
-> :
-> JJR
-> MD
-> WRB
-> RP
-> $
-> WP$
-> 2
-> winter
-> NNPS
-> (
-> )
-> RBS
-> FW
-> PDT
-> UH
-> McGraw-Hill
-> McGraw
-> 4
-> 8
-> SYM
-> Firestone
-> LS
-> 10th
-> #
-> VBG|NN
-> 16
-> Del
-> Fawcett
-> 50
State #1 "DT"
initialWeight=0.0, finalWeight=0.0
#destinations=59
-> O
-> DT
-> NN
-> IN
-> RB
-> VBN
-> TO
-> VB
-> NNP
-> NNS
-> VBZ
-> JJ
-> PRP
-> RBR
-> CD
-> ,
-> VBD
-> .
-> VBG
-> WDT
-> VBP
-> PRP$
-> JJS
-> POS
-> ``
-> EX
-> ''
-> CC
-> WP
-> :
-> JJR
-> MD
-> WRB
-> RP
-> $
-> WP$
-> 2
-> winter
-> NNPS
-> (
-> )
-> RBS
-> FW
-> PDT
-> UH
-> McGraw-Hill
-> McGraw
-> 4
-> 8
-> SYM
-> Firestone
-> LS
-> 10th
-> #
-> VBG|NN
-> 16
-> Del
-> Fawcett
-> 50
State #2 "NN"
initialWeight=0.0, finalWeight=0.0
#destinations=59
-> O
-> DT
-> NN
-> IN
-> RB
-> VBN
-> TO
-> VB
-> NNP
-> NNS
-> VBZ
-> JJ
-> PRP
-> RBR
-> CD
-> ,
-> VBD
-> .
-> VBG
-> WDT
-> VBP
-> PRP$
-> JJS
-> POS
-> ``
-> EX
-> ''
-> CC
-> WP
-> :
-> JJR
-> MD
-> WRB
-> RP
-> $
-> WP$
-> 2
-> winter
-> NNPS
-> (
-> )
-> RBS
-> FW
-> PDT
-> UH
-> McGraw-Hill
-> McGraw
-> 4
-> 8
-> SYM
-> Firestone
-> LS
-> 10th
-> #
-> VBG|NN
-> 16
-> Del
-> Fawcett
-> 50
State #3 "IN"
initialWeight=0.0, finalWeight=0.0
#destinations=59
-> O
-> DT
-> NN
-> IN
-> RB
-> VBN
-> TO
-> VB
-> NNP
-> NNS
-> VBZ
-> JJ
-> PRP
-> RBR
-> CD
-> ,
-> VBD
-> .
-> VBG
-> WDT
-> VBP
-> PRP$
-> JJS
-> POS
-> ``
-> EX
-> ''
-> CC
-> WP
-> :
-> JJR
-> MD
-> WRB
-> RP
-> $
-> WP$
-> 2
-> winter
-> NNPS
-> (
-> )
-> RBS
-> FW
-> PDT
-> UH
-> McGraw-Hill
-> McGraw
-> 4
-> 8
-> SYM
-> Firestone
-> LS
-> 10th
-> #
-> VBG|NN
-> 16
-> Del
-> Fawcett
-> 50
State #4 "RB"
initialWeight=0.0, finalWeight=0.0
#destinations=59
-> O
-> DT
-> NN
-> IN
-> RB
-> VBN
-> TO
-> VB
-> NNP
-> NNS
-> VBZ
-> JJ
-> PRP
-> RBR
-> CD
-> ,
-> VBD
-> .
-> VBG
-> WDT
-> VBP
-> PRP$
-> JJS
-> POS
-> ``
-> EX
-> ''
-> CC
-> WP
-> :
-> JJR
-> MD
-> WRB
-> RP
-> $
-> WP$
-> 2
-> winter
-> NNPS
-> (
-> )
-> RBS
-> FW
-> PDT
-> UH
-> McGraw-Hill
-> McGraw
-> 4
-> 8
-> SYM
-> Firestone
-> LS
-> 10th
-> #
-> VBG|NN
-> 16
-> Del
-> Fawcett
-> 50
State #5 "VBN"
initialWeight=0.0, finalWeight=0.0
#destinations=59
-> O
-> DT
-> NN
-> IN
-> RB
-> VBN
-> TO
-> VB
-> NNP
-> NNS
-> VBZ
-> JJ
-> PRP
-> RBR
-> CD
-> ,
-> VBD
-> .
-> VBG
-> WDT
-> VBP
-> PRP$
-> JJS
-> POS
-> ``
-> EX
-> ''
-> CC
-> WP
-> :
-> JJR
-> MD
-> WRB
-> RP
-> $
-> WP$
-> 2
-> winter
-> NNPS
-> (
-> )
-> RBS
-> FW
-> PDT
-> UH
-> McGraw-Hill
-> McGraw
-> 4
-> 8
-> SYM
-> Firestone
-> LS
-> 10th
-> #
-> VBG|NN
-> 16
-> Del
-> Fawcett
-> 50
State #6 "TO"
initialWeight=0.0, finalWeight=0.0
#destinations=59
-> O
-> DT
-> NN
-> IN
-> RB
-> VBN
-> TO
-> VB
-> NNP
-> NNS
-> VBZ
-> JJ
-> PRP
-> RBR
-> CD
-> ,
-> VBD
-> .
-> VBG
-> WDT
-> VBP
-> PRP$
-> JJS
-> POS
-> ``
-> EX
-> ''
-> CC
-> WP
-> :
-> JJR
-> MD
-> WRB
-> RP
-> $
-> WP$
-> 2
-> winter
-> NNPS
-> (
-> )
-> RBS
-> FW
-> PDT
-> UH
-> McGraw-Hill
-> McGraw
-> 4
-> 8
-> SYM
-> Firestone
-> LS
-> 10th
-> #
-> VBG|NN
-> 16
-> Del
-> Fawcett
-> 50
State #7 "VB"
initialWeight=0.0, finalWeight=0.0
#destinations=59
-> O
-> DT
-> NN
-> IN
-> RB
-> VBN
-> TO
-> VB
-> NNP
-> NNS
-> VBZ
-> JJ
-> PRP
-> RBR
-> CD
-> ,
-> VBD
-> .
-> VBG
-> WDT
-> VBP
-> PRP$
-> JJS
-> POS
-> ``
-> EX
-> ''
-> CC
-> WP
-> :
-> JJR
-> MD
-> WRB
-> RP
-> $
-> WP$
-> 2
-> winter
-> NNPS
-> (
-> )
-> RBS
-> FW
-> PDT
-> UH
-> McGraw-Hill
-> McGraw
-> 4
-> 8
-> SYM
-> Firestone
-> LS
-> 10th
-> #
-> VBG|NN
-> 16
-> Del
-> Fawcett
-> 50
State #8 "NNP"
initialWeight=0.0, finalWeight=0.0
#destinations=59
-> O
-> DT
-> NN
-> IN
-> RB
-> VBN
-> TO
-> VB
-> NNP
-> NNS
-> VBZ
-> JJ
-> PRP
-> RBR
-> CD
-> ,
-> VBD
-> .
-> VBG
-> WDT
-> VBP
-> PRP$
-> JJS
-> POS
-> ``
-> EX
-> ''
-> CC
-> WP
-> :
-> JJR
-> MD
-> WRB
-> RP
-> $
-> WP$
-> 2
-> winter
-> NNPS
-> (
-> )
-> RBS
-> FW
-> PDT
-> UH
-> McGraw-Hill
-> McGraw
-> 4
-> 8
-> SYM
-> Firestone
-> LS
-> 10th
-> #
-> VBG|NN
-> 16
-> Del
-> Fawcett
-> 50
State #9 "NNS"
initialWeight=0.0, finalWeight=0.0
#destinations=59
-> O
-> DT
-> NN
-> IN
-> RB
-> VBN
-> TO
-> VB
-> NNP
-> NNS
-> VBZ
-> JJ
-> PRP
-> RBR
-> CD
-> ,
-> VBD
-> .
-> VBG
-> WDT
-> VBP
-> PRP$
-> JJS
-> POS
-> ``
-> EX
-> ''
-> CC
-> WP
-> :
-> JJR
-> MD
-> WRB
-> RP
-> $
-> WP$
-> 2
-> winter
-> NNPS
-> (
-> )
-> RBS
-> FW
-> PDT
-> UH
-> McGraw-Hill
-> McGraw
-> 4
-> 8
-> SYM
-> Firestone
-> LS
-> 10th
-> #
-> VBG|NN
-> 16
-> Del
-> Fawcett
-> 50
State #10 "VBZ"
initialWeight=0.0, finalWeight=0.0
#destinations=59
-> O
-> DT
-> NN
-> IN
-> RB
-> VBN
-> TO
-> VB
-> NNP
-> NNS
-> VBZ
-> JJ
-> PRP
-> RBR
-> CD
-> ,
-> VBD
-> .
-> VBG
-> WDT
-> VBP
-> PRP$
-> JJS
-> POS
-> ``
-> EX
-> ''
-> CC
-> WP
-> :
-> JJR
-> MD
-> WRB
-> RP
-> $
-> WP$
-> 2
-> winter
-> NNPS
-> (
-> )
-> RBS
-> FW
-> PDT
-> UH
-> McGraw-Hill
-> McGraw
-> 4
-> 8
-> SYM
-> Firestone
-> LS
-> 10th
-> #
-> VBG|NN
-> 16
-> Del
-> Fawcett
-> 50
State #11 "JJ"
initialWeight=0.0, finalWeight=0.0
#destinations=59
-> O
-> DT
-> NN
-> IN
-> RB
-> VBN
-> TO
-> VB
-> NNP
-> NNS
-> VBZ
-> JJ
-> PRP
-> RBR
-> CD
-> ,
-> VBD
-> .
-> VBG
-> WDT
-> VBP
-> PRP$
-> JJS
-> POS
-> ``
-> EX
-> ''
-> CC
-> WP
-> :
-> JJR
-> MD
-> WRB
-> RP
-> $
-> WP$
-> 2
-> winter
-> NNPS
-> (
-> )
-> RBS
-> FW
-> PDT
-> UH
-> McGraw-Hill
-> McGraw
-> 4
-> 8
-> SYM
-> Firestone
-> LS
-> 10th
-> #
-> VBG|NN
-> 16
-> Del
-> Fawcett
-> 50
State #12 "PRP"
initialWeight=0.0, finalWeight=0.0
#destinations=59
-> O
-> DT
-> NN
-> IN
-> RB
-> VBN
-> TO
-> VB
-> NNP
-> NNS
-> VBZ
-> JJ
-> PRP
-> RBR
-> CD
-> ,
-> VBD
-> .
-> VBG
-> WDT
-> VBP
-> PRP$
-> JJS
-> POS
-> ``
-> EX
-> ''
-> CC
-> WP
-> :
-> JJR
-> MD
-> WRB
-> RP
-> $
-> WP$
-> 2
-> winter
-> NNPS
-> (
-> )
-> RBS
-> FW
-> PDT
-> UH
-> McGraw-Hill
-> McGraw
-> 4
-> 8
-> SYM
-> Firestone
-> LS
-> 10th
-> #
-> VBG|NN
-> 16
-> Del
-> Fawcett
-> 50
State #13 "RBR"
initialWeight=0.0, finalWeight=0.0
#destinations=59
-> O
-> DT
-> NN
-> IN
-> RB
-> VBN
-> TO
-> VB
-> NNP
-> NNS
-> VBZ
-> JJ
-> PRP
-> RBR
-> CD
-> ,
-> VBD
-> .
-> VBG
-> WDT
-> VBP
-> PRP$
-> JJS
-> POS
-> ``
-> EX
-> ''
-> CC
-> WP
-> :
-> JJR
-> MD
-> WRB
-> RP
-> $
-> WP$
-> 2
-> winter
-> NNPS
-> (
-> )
-> RBS
-> FW
-> PDT
-> UH
-> McGraw-Hill
-> McGraw
-> 4
-> 8
-> SYM
-> Firestone
-> LS
-> 10th
-> #
-> VBG|NN
-> 16
-> Del
-> Fawcett
-> 50
State #14 "CD"
initialWeight=0.0, finalWeight=0.0
#destinations=59
-> O
-> DT
-> NN
-> IN
-> RB
-> VBN
-> TO
-> VB
-> NNP
-> NNS
-> VBZ
-> JJ
-> PRP
-> RBR
-> CD
-> ,
-> VBD
-> .
-> VBG
-> WDT
-> VBP
-> PRP$
-> JJS
-> POS
-> ``
-> EX
-> ''
-> CC
-> WP
-> :
-> JJR
-> MD
-> WRB
-> RP
-> $
-> WP$
-> 2
-> winter
-> NNPS
-> (
-> )
-> RBS
-> FW
-> PDT
-> UH
-> McGraw-Hill
-> McGraw
-> 4
-> 8
-> SYM
-> Firestone
-> LS
-> 10th
-> #
-> VBG|NN
-> 16
-> Del
-> Fawcett
-> 50
State #15 ","
initialWeight=0.0, finalWeight=0.0
#destinations=59
-> O
-> DT
-> NN
-> IN
-> RB
-> VBN
-> TO
-> VB
-> NNP
-> NNS
-> VBZ
-> JJ
-> PRP
-> RBR
-> CD
-> ,
-> VBD
-> .
-> VBG
-> WDT
-> VBP
-> PRP$
-> JJS
-> POS
-> ``
-> EX
-> ''
-> CC
-> WP
-> :
-> JJR
-> MD
-> WRB
-> RP
-> $
-> WP$
-> 2
-> winter
-> NNPS
-> (
-> )
-> RBS
-> FW
-> PDT
-> UH
-> McGraw-Hill
-> McGraw
-> 4
-> 8
-> SYM
-> Firestone
-> LS
-> 10th
-> #
-> VBG|NN
-> 16
-> Del
-> Fawcett
-> 50
State #16 "VBD"
initialWeight=0.0, finalWeight=0.0
#destinations=59
-> O
-> DT
-> NN
-> IN
-> RB
-> VBN
-> TO
-> VB
-> NNP
-> NNS
-> VBZ
-> JJ
-> PRP
-> RBR
-> CD
-> ,
-> VBD
-> .
-> VBG
-> WDT
-> VBP
-> PRP$
-> JJS
-> POS
-> ``
-> EX
-> ''
-> CC
-> WP
-> :
-> JJR
-> MD
-> WRB
-> RP
-> $
-> WP$
-> 2
-> winter
-> NNPS
-> (
-> )
-> RBS
-> FW
-> PDT
-> UH
-> McGraw-Hill
-> McGraw
-> 4
-> 8
-> SYM
-> Firestone
-> LS
-> 10th
-> #
-> VBG|NN
-> 16
-> Del
-> Fawcett
-> 50
State #17 "."
initialWeight=0.0, finalWeight=0.0
#destinations=59
-> O
-> DT
-> NN
-> IN
-> RB
-> VBN
-> TO
-> VB
-> NNP
-> NNS
-> VBZ
-> JJ
-> PRP
-> RBR
-> CD
-> ,
-> VBD
-> .
-> VBG
-> WDT
-> VBP
-> PRP$
-> JJS
-> POS
-> ``
-> EX
-> ''
-> CC
-> WP
-> :
-> JJR
-> MD
-> WRB
-> RP
-> $
-> WP$
-> 2
-> winter
-> NNPS
-> (
-> )
-> RBS
-> FW
-> PDT
-> UH
-> McGraw-Hill
-> McGraw
-> 4
-> 8
-> SYM
-> Firestone
-> LS
-> 10th
-> #
-> VBG|NN
-> 16
-> Del
-> Fawcett
-> 50
State #18 "VBG"
initialWeight=0.0, finalWeight=0.0
#destinations=59
-> O
-> DT
-> NN
-> IN
-> RB
-> VBN
-> TO
-> VB
-> NNP
-> NNS
-> VBZ
-> JJ
-> PRP
-> RBR
-> CD
-> ,
-> VBD
-> .
-> VBG
-> WDT
-> VBP
-> PRP$
-> JJS
-> POS
-> ``
-> EX
-> ''
-> CC
-> WP
-> :
-> JJR
-> MD
-> WRB
-> RP
-> $
-> WP$
-> 2
-> winter
-> NNPS
-> (
-> )
-> RBS
-> FW
-> PDT
-> UH
-> McGraw-Hill
-> McGraw
-> 4
-> 8
-> SYM
-> Firestone
-> LS
-> 10th
-> #
-> VBG|NN
-> 16
-> Del
-> Fawcett
-> 50
State #19 "WDT"
initialWeight=0.0, finalWeight=0.0
#destinations=59
-> O
-> DT
-> NN
-> IN
-> RB
-> VBN
-> TO
-> VB
-> NNP
-> NNS
-> VBZ
-> JJ
-> PRP
-> RBR
-> CD
-> ,
-> VBD
-> .
-> VBG
-> WDT
-> VBP
-> PRP$
-> JJS
-> POS
-> ``
-> EX
-> ''
-> CC
-> WP
-> :
-> JJR
-> MD
-> WRB
-> RP
-> $
-> WP$
-> 2
-> winter
-> NNPS
-> (
-> )
-> RBS
-> FW
-> PDT
-> UH
-> McGraw-Hill
-> McGraw
-> 4
-> 8
-> SYM
-> Firestone
-> LS
-> 10th
-> #
-> VBG|NN
-> 16
-> Del
-> Fawcett
-> 50
State #20 "VBP"
initialWeight=0.0, finalWeight=0.0
#destinations=59
-> O
-> DT
-> NN
-> IN
-> RB
-> VBN
-> TO
-> VB
-> NNP
-> NNS
-> VBZ
-> JJ
-> PRP
-> RBR
-> CD
-> ,
-> VBD
-> .
-> VBG
-> WDT
-> VBP
-> PRP$
-> JJS
-> POS
-> ``
-> EX
-> ''
-> CC
-> WP
-> :
-> JJR
-> MD
-> WRB
-> RP
-> $
-> WP$
-> 2
-> winter
-> NNPS
-> (
-> )
-> RBS
-> FW
-> PDT
-> UH
-> McGraw-Hill
-> McGraw
-> 4
-> 8
-> SYM
-> Firestone
-> LS
-> 10th
-> #
-> VBG|NN
-> 16
-> Del
-> Fawcett
-> 50
State #21 "PRP$"
initialWeight=0.0, finalWeight=0.0
#destinations=59
-> O
-> DT
-> NN
-> IN
-> RB
-> VBN
-> TO
-> VB
-> NNP
-> NNS
-> VBZ
-> JJ
-> PRP
-> RBR
-> CD
-> ,
-> VBD
-> .
-> VBG
-> WDT
-> VBP
-> PRP$
-> JJS
-> POS
-> ``
-> EX
-> ''
-> CC
-> WP
-> :
-> JJR
-> MD
-> WRB
-> RP
-> $
-> WP$
-> 2
-> winter
-> NNPS
-> (
-> )
-> RBS
-> FW
-> PDT
-> UH
-> McGraw-Hill
-> McGraw
-> 4
-> 8
-> SYM
-> Firestone
-> LS
-> 10th
-> #
-> VBG|NN
-> 16
-> Del
-> Fawcett
-> 50
State #22 "JJS"
initialWeight=0.0, finalWeight=0.0
#destinations=59
-> O
-> DT
-> NN
-> IN
-> RB
-> VBN
-> TO
-> VB
-> NNP
-> NNS
-> VBZ
-> JJ
-> PRP
-> RBR
-> CD
-> ,
-> VBD
-> .
-> VBG
-> WDT
-> VBP
-> PRP$
-> JJS
-> POS
-> ``
-> EX
-> ''
-> CC
-> WP
-> :
-> JJR
-> MD
-> WRB
-> RP
-> $
-> WP$
-> 2
-> winter
-> NNPS
-> (
-> )
-> RBS
-> FW
-> PDT
-> UH
-> McGraw-Hill
-> McGraw
-> 4
-> 8
-> SYM
-> Firestone
-> LS
-> 10th
-> #
-> VBG|NN
-> 16
-> Del
-> Fawcett
-> 50
State #23 "POS"
initialWeight=0.0, finalWeight=0.0
#destinations=59
-> O
-> DT
-> NN
-> IN
-> RB
-> VBN
-> TO
-> VB
-> NNP
-> NNS
-> VBZ
-> JJ
-> PRP
-> RBR
-> CD
-> ,
-> VBD
-> .
-> VBG
-> WDT
-> VBP
-> PRP$
-> JJS
-> POS
-> ``
-> EX
-> ''
-> CC
-> WP
-> :
-> JJR
-> MD
-> WRB
-> RP
-> $
-> WP$
-> 2
-> winter
-> NNPS
-> (
-> )
-> RBS
-> FW
-> PDT
-> UH
-> McGraw-Hill
-> McGraw
-> 4
-> 8
-> SYM
-> Firestone
-> LS
-> 10th
-> #
-> VBG|NN
-> 16
-> Del
-> Fawcett
-> 50
State #24 "``"
initialWeight=0.0, finalWeight=0.0
#destinations=59
-> O
-> DT
-> NN
-> IN
-> RB
-> VBN
-> TO
-> VB
-> NNP
-> NNS
-> VBZ
-> JJ
-> PRP
-> RBR
-> CD
-> ,
-> VBD
-> .
-> VBG
-> WDT
-> VBP
-> PRP$
-> JJS
-> POS
-> ``
-> EX
-> ''
-> CC
-> WP
-> :
-> JJR
-> MD
-> WRB
-> RP
-> $
-> WP$
-> 2
-> winter
-> NNPS
-> (
-> )
-> RBS
-> FW
-> PDT
-> UH
-> McGraw-Hill
-> McGraw
-> 4
-> 8
-> SYM
-> Firestone
-> LS
-> 10th
-> #
-> VBG|NN
-> 16
-> Del
-> Fawcett
-> 50
State #25 "EX"
initialWeight=0.0, finalWeight=0.0
#destinations=59
-> O
-> DT
-> NN
-> IN
-> RB
-> VBN
-> TO
-> VB
-> NNP
-> NNS
-> VBZ
-> JJ
-> PRP
-> RBR
-> CD
-> ,
-> VBD
-> .
-> VBG
-> WDT
-> VBP
-> PRP$
-> JJS
-> POS
-> ``
-> EX
-> ''
-> CC
-> WP
-> :
-> JJR
-> MD
-> WRB
-> RP
-> $
-> WP$
-> 2
-> winter
-> NNPS
-> (
-> )
-> RBS
-> FW
-> PDT
-> UH
-> McGraw-Hill
-> McGraw
-> 4
-> 8
-> SYM
-> Firestone
-> LS
-> 10th
-> #
-> VBG|NN
-> 16
-> Del
-> Fawcett
-> 50
State #26 "''"
initialWeight=0.0, finalWeight=0.0
#destinations=59
-> O
-> DT
-> NN
-> IN
-> RB
-> VBN
-> TO
-> VB
-> NNP
-> NNS
-> VBZ
-> JJ
-> PRP
-> RBR
-> CD
-> ,
-> VBD
-> .
-> VBG
-> WDT
-> VBP
-> PRP$
-> JJS
-> POS
-> ``
-> EX
-> ''
-> CC
-> WP
-> :
-> JJR
-> MD
-> WRB
-> RP
-> $
-> WP$
-> 2
-> winter
-> NNPS
-> (
-> )
-> RBS
-> FW
-> PDT
-> UH
-> McGraw-Hill
-> McGraw
-> 4
-> 8
-> SYM
-> Firestone
-> LS
-> 10th
-> #
-> VBG|NN
-> 16
-> Del
-> Fawcett
-> 50
State #27 "CC"
initialWeight=0.0, finalWeight=0.0
#destinations=59
-> O
-> DT
-> NN
-> IN
-> RB
-> VBN
-> TO
-> VB
-> NNP
-> NNS
-> VBZ
-> JJ
-> PRP
-> RBR
-> CD
-> ,
-> VBD
-> .
-> VBG
-> WDT
-> VBP
-> PRP$
-> JJS
-> POS
-> ``
-> EX
-> ''
-> CC
-> WP
-> :
-> JJR
-> MD
-> WRB
-> RP
-> $
-> WP$
-> 2
-> winter
-> NNPS
-> (
-> )
-> RBS
-> FW
-> PDT
-> UH
-> McGraw-Hill
-> McGraw
-> 4
-> 8
-> SYM
-> Firestone
-> LS
-> 10th
-> #
-> VBG|NN
-> 16
-> Del
-> Fawcett
-> 50
State #28 "WP"
initialWeight=0.0, finalWeight=0.0
#destinations=59
-> O
-> DT
-> NN
-> IN
-> RB
-> VBN
-> TO
-> VB
-> NNP
-> NNS
-> VBZ
-> JJ
-> PRP
-> RBR
-> CD
-> ,
-> VBD
-> .
-> VBG
-> WDT
-> VBP
-> PRP$
-> JJS
-> POS
-> ``
-> EX
-> ''
-> CC
-> WP
-> :
-> JJR
-> MD
-> WRB
-> RP
-> $
-> WP$
-> 2
-> winter
-> NNPS
-> (
-> )
-> RBS
-> FW
-> PDT
-> UH
-> McGraw-Hill
-> McGraw
-> 4
-> 8
-> SYM
-> Firestone
-> LS
-> 10th
-> #
-> VBG|NN
-> 16
-> Del
-> Fawcett
-> 50
State #29 ":"
initialWeight=0.0, finalWeight=0.0
#destinations=59
-> O
-> DT
-> NN
-> IN
-> RB
-> VBN
-> TO
-> VB
-> NNP
-> NNS
-> VBZ
-> JJ
-> PRP
-> RBR
-> CD
-> ,
-> VBD
-> .
-> VBG
-> WDT
-> VBP
-> PRP$
-> JJS
-> POS
-> ``
-> EX
-> ''
-> CC
-> WP
-> :
-> JJR
-> MD
-> WRB
-> RP
-> $
-> WP$
-> 2
-> winter
-> NNPS
-> (
-> )
-> RBS
-> FW
-> PDT
-> UH
-> McGraw-Hill
-> McGraw
-> 4
-> 8
-> SYM
-> Firestone
-> LS
-> 10th
-> #
-> VBG|NN
-> 16
-> Del
-> Fawcett
-> 50
State #30 "JJR"
initialWeight=0.0, finalWeight=0.0
#destinations=59
-> O
-> DT
-> NN
-> IN
-> RB
-> VBN
-> TO
-> VB
-> NNP
-> NNS
-> VBZ
-> JJ
-> PRP
-> RBR
-> CD
-> ,
-> VBD
-> .
-> VBG
-> WDT
-> VBP
-> PRP$
-> JJS
-> POS
-> ``
-> EX
-> ''
-> CC
-> WP
-> :
-> JJR
-> MD
-> WRB
-> RP
-> $
-> WP$
-> 2
-> winter
-> NNPS
-> (
-> )
-> RBS
-> FW
-> PDT
-> UH
-> McGraw-Hill
-> McGraw
-> 4
-> 8
-> SYM
-> Firestone
-> LS
-> 10th
-> #
-> VBG|NN
-> 16
-> Del
-> Fawcett
-> 50
State #31 "MD"
initialWeight=0.0, finalWeight=0.0
#destinations=59
-> O
-> DT
-> NN
-> IN
-> RB
-> VBN
-> TO
-> VB
-> NNP
-> NNS
-> VBZ
-> JJ
-> PRP
-> RBR
-> CD
-> ,
-> VBD
-> .
-> VBG
-> WDT
-> VBP
-> PRP$
-> JJS
-> POS
-> ``
-> EX
-> ''
-> CC
-> WP
-> :
-> JJR
-> MD
-> WRB
-> RP
-> $
-> WP$
-> 2
-> winter
-> NNPS
-> (
-> )
-> RBS
-> FW
-> PDT
-> UH
-> McGraw-Hill
-> McGraw
-> 4
-> 8
-> SYM
-> Firestone
-> LS
-> 10th
-> #
-> VBG|NN
-> 16
-> Del
-> Fawcett
-> 50
State #32 "WRB"
initialWeight=0.0, finalWeight=0.0
#destinations=59
-> O
-> DT
-> NN
-> IN
-> RB
-> VBN
-> TO
-> VB
-> NNP
-> NNS
-> VBZ
-> JJ
-> PRP
-> RBR
-> CD
-> ,
-> VBD
-> .
-> VBG
-> WDT
-> VBP
-> PRP$
-> JJS
-> POS
-> ``
-> EX
-> ''
-> CC
-> WP
-> :
-> JJR
-> MD
-> WRB
-> RP
-> $
-> WP$
-> 2
-> winter
-> NNPS
-> (
-> )
-> RBS
-> FW
-> PDT
-> UH
-> McGraw-Hill
-> McGraw
-> 4
-> 8
-> SYM
-> Firestone
-> LS
-> 10th
-> #
-> VBG|NN
-> 16
-> Del
-> Fawcett
-> 50
State #33 "RP"
initialWeight=0.0, finalWeight=0.0
#destinations=59
-> O
-> DT
-> NN
-> IN
-> RB
-> VBN
-> TO
-> VB
-> NNP
-> NNS
-> VBZ
-> JJ
-> PRP
-> RBR
-> CD
-> ,
-> VBD
-> .
-> VBG
-> WDT
-> VBP
-> PRP$
-> JJS
-> POS
-> ``
-> EX
-> ''
-> CC
-> WP
-> :
-> JJR
-> MD
-> WRB
-> RP
-> $
-> WP$
-> 2
-> winter
-> NNPS
-> (
-> )
-> RBS
-> FW
-> PDT
-> UH
-> McGraw-Hill
-> McGraw
-> 4
-> 8
-> SYM
-> Firestone
-> LS
-> 10th
-> #
-> VBG|NN
-> 16
-> Del
-> Fawcett
-> 50
State #34 "$"
initialWeight=0.0, finalWeight=0.0
#destinations=59
-> O
-> DT
-> NN
-> IN
-> RB
-> VBN
-> TO
-> VB
-> NNP
-> NNS
-> VBZ
-> JJ
-> PRP
-> RBR
-> CD
-> ,
-> VBD
-> .
-> VBG
-> WDT
-> VBP
-> PRP$
-> JJS
-> POS
-> ``
-> EX
-> ''
-> CC
-> WP
-> :
-> JJR
-> MD
-> WRB
-> RP
-> $
-> WP$
-> 2
-> winter
-> NNPS
-> (
-> )
-> RBS
-> FW
-> PDT
-> UH
-> McGraw-Hill
-> McGraw
-> 4
-> 8
-> SYM
-> Firestone
-> LS
-> 10th
-> #
-> VBG|NN
-> 16
-> Del
-> Fawcett
-> 50
State #35 "WP$"
initialWeight=0.0, finalWeight=0.0
#destinations=59
-> O
-> DT
-> NN
-> IN
-> RB
-> VBN
-> TO
-> VB
-> NNP
-> NNS
-> VBZ
-> JJ
-> PRP
-> RBR
-> CD
-> ,
-> VBD
-> .
-> VBG
-> WDT
-> VBP
-> PRP$
-> JJS
-> POS
-> ``
-> EX
-> ''
-> CC
-> WP
-> :
-> JJR
-> MD
-> WRB
-> RP
-> $
-> WP$
-> 2
-> winter
-> NNPS
-> (
-> )
-> RBS
-> FW
-> PDT
-> UH
-> McGraw-Hill
-> McGraw
-> 4
-> 8
-> SYM
-> Firestone
-> LS
-> 10th
-> #
-> VBG|NN
-> 16
-> Del
-> Fawcett
-> 50
State #36 "2"
initialWeight=0.0, finalWeight=0.0
#destinations=59
-> O
-> DT
-> NN
-> IN
-> RB
-> VBN
-> TO
-> VB
-> NNP
-> NNS
-> VBZ
-> JJ
-> PRP
-> RBR
-> CD
-> ,
-> VBD
-> .
-> VBG
-> WDT
-> VBP
-> PRP$
-> JJS
-> POS
-> ``
-> EX
-> ''
-> CC
-> WP
-> :
-> JJR
-> MD
-> WRB
-> RP
-> $
-> WP$
-> 2
-> winter
-> NNPS
-> (
-> )
-> RBS
-> FW
-> PDT
-> UH
-> McGraw-Hill
-> McGraw
-> 4
-> 8
-> SYM
-> Firestone
-> LS
-> 10th
-> #
-> VBG|NN
-> 16
-> Del
-> Fawcett
-> 50
State #37 "winter"
initialWeight=0.0, finalWeight=0.0
#destinations=59
-> O
-> DT
-> NN
-> IN
-> RB
-> VBN
-> TO
-> VB
-> NNP
-> NNS
-> VBZ
-> JJ
-> PRP
-> RBR
-> CD
-> ,
-> VBD
-> .
-> VBG
-> WDT
-> VBP
-> PRP$
-> JJS
-> POS
-> ``
-> EX
-> ''
-> CC
-> WP
-> :
-> JJR
-> MD
-> WRB
-> RP
-> $
-> WP$
-> 2
-> winter
-> NNPS
-> (
-> )
-> RBS
-> FW
-> PDT
-> UH
-> McGraw-Hill
-> McGraw
-> 4
-> 8
-> SYM
-> Firestone
-> LS
-> 10th
-> #
-> VBG|NN
-> 16
-> Del
-> Fawcett
-> 50
State #38 "NNPS"
initialWeight=0.0, finalWeight=0.0
#destinations=59
-> O
-> DT
-> NN
-> IN
-> RB
-> VBN
-> TO
-> VB
-> NNP
-> NNS
-> VBZ
-> JJ
-> PRP
-> RBR
-> CD
-> ,
-> VBD
-> .
-> VBG
-> WDT
-> VBP
-> PRP$
-> JJS
-> POS
-> ``
-> EX
-> ''
-> CC
-> WP
-> :
-> JJR
-> MD
-> WRB
-> RP
-> $
-> WP$
-> 2
-> winter
-> NNPS
-> (
-> )
-> RBS
-> FW
-> PDT
-> UH
-> McGraw-Hill
-> McGraw
-> 4
-> 8
-> SYM
-> Firestone
-> LS
-> 10th
-> #
-> VBG|NN
-> 16
-> Del
-> Fawcett
-> 50
State #39 "("
initialWeight=0.0, finalWeight=0.0
#destinations=59
-> O
-> DT
-> NN
-> IN
-> RB
-> VBN
-> TO
-> VB
-> NNP
-> NNS
-> VBZ
-> JJ
-> PRP
-> RBR
-> CD
-> ,
-> VBD
-> .
-> VBG
-> WDT
-> VBP
-> PRP$
-> JJS
-> POS
-> ``
-> EX
-> ''
-> CC
-> WP
-> :
-> JJR
-> MD
-> WRB
-> RP
-> $
-> WP$
-> 2
-> winter
-> NNPS
-> (
-> )
-> RBS
-> FW
-> PDT
-> UH
-> McGraw-Hill
-> McGraw
-> 4
-> 8
-> SYM
-> Firestone
-> LS
-> 10th
-> #
-> VBG|NN
-> 16
-> Del
-> Fawcett
-> 50
State #40 ")"
initialWeight=0.0, finalWeight=0.0
#destinations=59
-> O
-> DT
-> NN
-> IN
-> RB
-> VBN
-> TO
-> VB
-> NNP
-> NNS
-> VBZ
-> JJ
-> PRP
-> RBR
-> CD
-> ,
-> VBD
-> .
-> VBG
-> WDT
-> VBP
-> PRP$
-> JJS
-> POS
-> ``
-> EX
-> ''
-> CC
-> WP
-> :
-> JJR
-> MD
-> WRB
-> RP
-> $
-> WP$
-> 2
-> winter
-> NNPS
-> (
-> )
-> RBS
-> FW
-> PDT
-> UH
-> McGraw-Hill
-> McGraw
-> 4
-> 8
-> SYM
-> Firestone
-> LS
-> 10th
-> #
-> VBG|NN
-> 16
-> Del
-> Fawcett
-> 50
State #41 "RBS"
initialWeight=0.0, finalWeight=0.0
#destinations=59
-> O
-> DT
-> NN
-> IN
-> RB
-> VBN
-> TO
-> VB
-> NNP
-> NNS
-> VBZ
-> JJ
-> PRP
-> RBR
-> CD
-> ,
-> VBD
-> .
-> VBG
-> WDT
-> VBP
-> PRP$
-> JJS
-> POS
-> ``
-> EX
-> ''
-> CC
-> WP
-> :
-> JJR
-> MD
-> WRB
-> RP
-> $
-> WP$
-> 2
-> winter
-> NNPS
-> (
-> )
-> RBS
-> FW
-> PDT
-> UH
-> McGraw-Hill
-> McGraw
-> 4
-> 8
-> SYM
-> Firestone
-> LS
-> 10th
-> #
-> VBG|NN
-> 16
-> Del
-> Fawcett
-> 50
State #42 "FW"
initialWeight=0.0, finalWeight=0.0
#destinations=59
-> O
-> DT
-> NN
-> IN
-> RB
-> VBN
-> TO
-> VB
-> NNP
-> NNS
-> VBZ
-> JJ
-> PRP
-> RBR
-> CD
-> ,
-> VBD
-> .
-> VBG
-> WDT
-> VBP
-> PRP$
-> JJS
-> POS
-> ``
-> EX
-> ''
-> CC
-> WP
-> :
-> JJR
-> MD
-> WRB
-> RP
-> $
-> WP$
-> 2
-> winter
-> NNPS
-> (
-> )
-> RBS
-> FW
-> PDT
-> UH
-> McGraw-Hill
-> McGraw
-> 4
-> 8
-> SYM
-> Firestone
-> LS
-> 10th
-> #
-> VBG|NN
-> 16
-> Del
-> Fawcett
-> 50
State #43 "PDT"
initialWeight=0.0, finalWeight=0.0
#destinations=59
-> O
-> DT
-> NN
-> IN
-> RB
-> VBN
-> TO
-> VB
-> NNP
-> NNS
-> VBZ
-> JJ
-> PRP
-> RBR
-> CD
-> ,
-> VBD
-> .
-> VBG
-> WDT
-> VBP
-> PRP$
-> JJS
-> POS
-> ``
-> EX
-> ''
-> CC
-> WP
-> :
-> JJR
-> MD
-> WRB
-> RP
-> $
-> WP$
-> 2
-> winter
-> NNPS
-> (
-> )
-> RBS
-> FW
-> PDT
-> UH
-> McGraw-Hill
-> McGraw
-> 4
-> 8
-> SYM
-> Firestone
-> LS
-> 10th
-> #
-> VBG|NN
-> 16
-> Del
-> Fawcett
-> 50
State #44 "UH"
initialWeight=0.0, finalWeight=0.0
#destinations=59
-> O
-> DT
-> NN
-> IN
-> RB
-> VBN
-> TO
-> VB
-> NNP
-> NNS
-> VBZ
-> JJ
-> PRP
-> RBR
-> CD
-> ,
-> VBD
-> .
-> VBG
-> WDT
-> VBP
-> PRP$
-> JJS
-> POS
-> ``
-> EX
-> ''
-> CC
-> WP
-> :
-> JJR
-> MD
-> WRB
-> RP
-> $
-> WP$
-> 2
-> winter
-> NNPS
-> (
-> )
-> RBS
-> FW
-> PDT
-> UH
-> McGraw-Hill
-> McGraw
-> 4
-> 8
-> SYM
-> Firestone
-> LS
-> 10th
-> #
-> VBG|NN
-> 16
-> Del
-> Fawcett
-> 50
State #45 "McGraw-Hill"
initialWeight=0.0, finalWeight=0.0
#destinations=59
-> O
-> DT
-> NN
-> IN
-> RB
-> VBN
-> TO
-> VB
-> NNP
-> NNS
-> VBZ
-> JJ
-> PRP
-> RBR
-> CD
-> ,
-> VBD
-> .
-> VBG
-> WDT
-> VBP
-> PRP$
-> JJS
-> POS
-> ``
-> EX
-> ''
-> CC
-> WP
-> :
-> JJR
-> MD
-> WRB
-> RP
-> $
-> WP$
-> 2
-> winter
-> NNPS
-> (
-> )
-> RBS
-> FW
-> PDT
-> UH
-> McGraw-Hill
-> McGraw
-> 4
-> 8
-> SYM
-> Firestone
-> LS
-> 10th
-> #
-> VBG|NN
-> 16
-> Del
-> Fawcett
-> 50
State #46 "McGraw"
initialWeight=0.0, finalWeight=0.0
#destinations=59
-> O
-> DT
-> NN
-> IN
-> RB
-> VBN
-> TO
-> VB
-> NNP
-> NNS
-> VBZ
-> JJ
-> PRP
-> RBR
-> CD
-> ,
-> VBD
-> .
-> VBG
-> WDT
-> VBP
-> PRP$
-> JJS
-> POS
-> ``
-> EX
-> ''
-> CC
-> WP
-> :
-> JJR
-> MD
-> WRB
-> RP
-> $
-> WP$
-> 2
-> winter
-> NNPS
-> (
-> )
-> RBS
-> FW
-> PDT
-> UH
-> McGraw-Hill
-> McGraw
-> 4
-> 8
-> SYM
-> Firestone
-> LS
-> 10th
-> #
-> VBG|NN
-> 16
-> Del
-> Fawcett
-> 50
State #47 "4"
initialWeight=0.0, finalWeight=0.0
#destinations=59
-> O
-> DT
-> NN
-> IN
-> RB
-> VBN
-> TO
-> VB
-> NNP
-> NNS
-> VBZ
-> JJ
-> PRP
-> RBR
-> CD
-> ,
-> VBD
-> .
-> VBG
-> WDT
-> VBP
-> PRP$
-> JJS
-> POS
-> ``
-> EX
-> ''
-> CC
-> WP
-> :
-> JJR
-> MD
-> WRB
-> RP
-> $
-> WP$
-> 2
-> winter
-> NNPS
-> (
-> )
-> RBS
-> FW
-> PDT
-> UH
-> McGraw-Hill
-> McGraw
-> 4
-> 8
-> SYM
-> Firestone
-> LS
-> 10th
-> #
-> VBG|NN
-> 16
-> Del
-> Fawcett
-> 50
State #48 "8"
initialWeight=0.0, finalWeight=0.0
#destinations=59
-> O
-> DT
-> NN
-> IN
-> RB
-> VBN
-> TO
-> VB
-> NNP
-> NNS
-> VBZ
-> JJ
-> PRP
-> RBR
-> CD
-> ,
-> VBD
-> .
-> VBG
-> WDT
-> VBP
-> PRP$
-> JJS
-> POS
-> ``
-> EX
-> ''
-> CC
-> WP
-> :
-> JJR
-> MD
-> WRB
-> RP
-> $
-> WP$
-> 2
-> winter
-> NNPS
-> (
-> )
-> RBS
-> FW
-> PDT
-> UH
-> McGraw-Hill
-> McGraw
-> 4
-> 8
-> SYM
-> Firestone
-> LS
-> 10th
-> #
-> VBG|NN
-> 16
-> Del
-> Fawcett
-> 50
State #49 "SYM"
initialWeight=0.0, finalWeight=0.0
#destinations=59
-> O
-> DT
-> NN
-> IN
-> RB
-> VBN
-> TO
-> VB
-> NNP
-> NNS
-> VBZ
-> JJ
-> PRP
-> RBR
-> CD
-> ,
-> VBD
-> .
-> VBG
-> WDT
-> VBP
-> PRP$
-> JJS
-> POS
-> ``
-> EX
-> ''
-> CC
-> WP
-> :
-> JJR
-> MD
-> WRB
-> RP
-> $
-> WP$
-> 2
-> winter
-> NNPS
-> (
-> )
-> RBS
-> FW
-> PDT
-> UH
-> McGraw-Hill
-> McGraw
-> 4
-> 8
-> SYM
-> Firestone
-> LS
-> 10th
-> #
-> VBG|NN
-> 16
-> Del
-> Fawcett
-> 50
State #50 "Firestone"
initialWeight=0.0, finalWeight=0.0
#destinations=59
-> O
-> DT
-> NN
-> IN
-> RB
-> VBN
-> TO
-> VB
-> NNP
-> NNS
-> VBZ
-> JJ
-> PRP
-> RBR
-> CD
-> ,
-> VBD
-> .
-> VBG
-> WDT
-> VBP
-> PRP$
-> JJS
-> POS
-> ``
-> EX
-> ''
-> CC
-> WP
-> :
-> JJR
-> MD
-> WRB
-> RP
-> $
-> WP$
-> 2
-> winter
-> NNPS
-> (
-> )
-> RBS
-> FW
-> PDT
-> UH
-> McGraw-Hill
-> McGraw
-> 4
-> 8
-> SYM
-> Firestone
-> LS
-> 10th
-> #
-> VBG|NN
-> 16
-> Del
-> Fawcett
-> 50
State #51 "LS"
initialWeight=0.0, finalWeight=0.0
#destinations=59
-> O
-> DT
-> NN
-> IN
-> RB
-> VBN
-> TO
-> VB
-> NNP
-> NNS
-> VBZ
-> JJ
-> PRP
-> RBR
-> CD
-> ,
-> VBD
-> .
-> VBG
-> WDT
-> VBP
-> PRP$
-> JJS
-> POS
-> ``
-> EX
-> ''
-> CC
-> WP
-> :
-> JJR
-> MD
-> WRB
-> RP
-> $
-> WP$
-> 2
-> winter
-> NNPS
-> (
-> )
-> RBS
-> FW
-> PDT
-> UH
-> McGraw-Hill
-> McGraw
-> 4
-> 8
-> SYM
-> Firestone
-> LS
-> 10th
-> #
-> VBG|NN
-> 16
-> Del
-> Fawcett
-> 50
State #52 "10th"
initialWeight=0.0, finalWeight=0.0
#destinations=59
-> O
-> DT
-> NN
-> IN
-> RB
-> VBN
-> TO
-> VB
-> NNP
-> NNS
-> VBZ
-> JJ
-> PRP
-> RBR
-> CD
-> ,
-> VBD
-> .
-> VBG
-> WDT
-> VBP
-> PRP$
-> JJS
-> POS
-> ``
-> EX
-> ''
-> CC
-> WP
-> :
-> JJR
-> MD
-> WRB
-> RP
-> $
-> WP$
-> 2
-> winter
-> NNPS
-> (
-> )
-> RBS
-> FW
-> PDT
-> UH
-> McGraw-Hill
-> McGraw
-> 4
-> 8
-> SYM
-> Firestone
-> LS
-> 10th
-> #
-> VBG|NN
-> 16
-> Del
-> Fawcett
-> 50
State #53 "#"
initialWeight=0.0, finalWeight=0.0
#destinations=59
-> O
-> DT
-> NN
-> IN
-> RB
-> VBN
-> TO
-> VB
-> NNP
-> NNS
-> VBZ
-> JJ
-> PRP
-> RBR
-> CD
-> ,
-> VBD
-> .
-> VBG
-> WDT
-> VBP
-> PRP$
-> JJS
-> POS
-> ``
-> EX
-> ''
-> CC
-> WP
-> :
-> JJR
-> MD
-> WRB
-> RP
-> $
-> WP$
-> 2
-> winter
-> NNPS
-> (
-> )
-> RBS
-> FW
-> PDT
-> UH
-> McGraw-Hill
-> McGraw
-> 4
-> 8
-> SYM
-> Firestone
-> LS
-> 10th
-> #
-> VBG|NN
-> 16
-> Del
-> Fawcett
-> 50
State #54 "VBG|NN"
initialWeight=0.0, finalWeight=0.0
#destinations=59
-> O
-> DT
-> NN
-> IN
-> RB
-> VBN
-> TO
-> VB
-> NNP
-> NNS
-> VBZ
-> JJ
-> PRP
-> RBR
-> CD
-> ,
-> VBD
-> .
-> VBG
-> WDT
-> VBP
-> PRP$
-> JJS
-> POS
-> ``
-> EX
-> ''
-> CC
-> WP
-> :
-> JJR
-> MD
-> WRB
-> RP
-> $
-> WP$
-> 2
-> winter
-> NNPS
-> (
-> )
-> RBS
-> FW
-> PDT
-> UH
-> McGraw-Hill
-> McGraw
-> 4
-> 8
-> SYM
-> Firestone
-> LS
-> 10th
-> #
-> VBG|NN
-> 16
-> Del
-> Fawcett
-> 50
State #55 "16"
initialWeight=0.0, finalWeight=0.0
#destinations=59
-> O
-> DT
-> NN
-> IN
-> RB
-> VBN
-> TO
-> VB
-> NNP
-> NNS
-> VBZ
-> JJ
-> PRP
-> RBR
-> CD
-> ,
-> VBD
-> .
-> VBG
-> WDT
-> VBP
-> PRP$
-> JJS
-> POS
-> ``
-> EX
-> ''
-> CC
-> WP
-> :
-> JJR
-> MD
-> WRB
-> RP
-> $
-> WP$
-> 2
-> winter
-> NNPS
-> (
-> )
-> RBS
-> FW
-> PDT
-> UH
-> McGraw-Hill
-> McGraw
-> 4
-> 8
-> SYM
-> Firestone
-> LS
-> 10th
-> #
-> VBG|NN
-> 16
-> Del
-> Fawcett
-> 50
State #56 "Del"
initialWeight=0.0, finalWeight=0.0
#destinations=59
-> O
-> DT
-> NN
-> IN
-> RB
-> VBN
-> TO
-> VB
-> NNP
-> NNS
-> VBZ
-> JJ
-> PRP
-> RBR
-> CD
-> ,
-> VBD
-> .
-> VBG
-> WDT
-> VBP
-> PRP$
-> JJS
-> POS
-> ``
-> EX
-> ''
-> CC
-> WP
-> :
-> JJR
-> MD
-> WRB
-> RP
-> $
-> WP$
-> 2
-> winter
-> NNPS
-> (
-> )
-> RBS
-> FW
-> PDT
-> UH
-> McGraw-Hill
-> McGraw
-> 4
-> 8
-> SYM
-> Firestone
-> LS
-> 10th
-> #
-> VBG|NN
-> 16
-> Del
-> Fawcett
-> 50
State #57 "Fawcett"
initialWeight=0.0, finalWeight=0.0
#destinations=59
-> O
-> DT
-> NN
-> IN
-> RB
-> VBN
-> TO
-> VB
-> NNP
-> NNS
-> VBZ
-> JJ
-> PRP
-> RBR
-> CD
-> ,
-> VBD
-> .
-> VBG
-> WDT
-> VBP
-> PRP$
-> JJS
-> POS
-> ``
-> EX
-> ''
-> CC
-> WP
-> :
-> JJR
-> MD
-> WRB
-> RP
-> $
-> WP$
-> 2
-> winter
-> NNPS
-> (
-> )
-> RBS
-> FW
-> PDT
-> UH
-> McGraw-Hill
-> McGraw
-> 4
-> 8
-> SYM
-> Firestone
-> LS
-> 10th
-> #
-> VBG|NN
-> 16
-> Del
-> Fawcett
-> 50
State #58 "50"
initialWeight=0.0, finalWeight=0.0
#destinations=59
-> O
-> DT
-> NN
-> IN
-> RB
-> VBN
-> TO
-> VB
-> NNP
-> NNS
-> VBZ
-> JJ
-> PRP
-> RBR
-> CD
-> ,
-> VBD
-> .
-> VBG
-> WDT
-> VBP
-> PRP$
-> JJS
-> POS
-> ``
-> EX
-> ''
-> CC
-> WP
-> :
-> JJR
-> MD
-> WRB
-> RP
-> $
-> WP$
-> 2
-> winter
-> NNPS
-> (
-> )
-> RBS
-> FW
-> PDT
-> UH
-> McGraw-Hill
-> McGraw
-> 4
-> 8
-> SYM
-> Firestone
-> LS
-> 10th
-> #
-> VBG|NN
-> 16
-> Del
-> Fawcett
-> 50
