000 (090.000.000) 03/06 02:18:09 Job submitted from host: <128.83.144.47:58656>
...
001 (090.000.000) 03/06 02:18:25 Job executing on host: <128.83.144.55:54963>
...
006 (090.000.000) 03/06 02:18:33 Image size of job updated: 102608
	3  -  MemoryUsage of job (MB)
	2260  -  ResidentSetSize of job (KB)
...
006 (090.000.000) 03/06 02:23:33 Image size of job updated: 37035628
	707  -  MemoryUsage of job (MB)
	723456  -  ResidentSetSize of job (KB)
...
006 (090.000.000) 03/06 02:33:35 Image size of job updated: 37035628
	832  -  MemoryUsage of job (MB)
	851844  -  ResidentSetSize of job (KB)
...
006 (090.000.000) 03/06 02:38:35 Image size of job updated: 37035628
	834  -  MemoryUsage of job (MB)
	853008  -  ResidentSetSize of job (KB)
...
006 (090.000.000) 03/06 02:43:35 Image size of job updated: 37035628
	1098  -  MemoryUsage of job (MB)
	1123992  -  ResidentSetSize of job (KB)
...
005 (090.000.000) 03/06 02:47:43 Job terminated.
	(1) Normal termination (return value 0)
		Usr 0 00:30:15, Sys 0 00:00:02  -  Run Remote Usage
		Usr 0 00:00:00, Sys 0 00:00:00  -  Run Local Usage
		Usr 0 00:30:15, Sys 0 00:00:02  -  Total Remote Usage
		Usr 0 00:00:00, Sys 0 00:00:00  -  Total Local Usage
	0  -  Run Bytes Sent By Job
	0  -  Run Bytes Received By Job
	0  -  Total Bytes Sent By Job
	0  -  Total Bytes Received By Job
	Partitionable Resources :    Usage  Request Allocated
	   Cpus                 :                 1         1
	   Disk (KB)            :       10       10   7541874
	   Gpus                 :                           0
	   Memory (MB)          :     1098        1      4027
...
000 (107.000.000) 03/06 13:05:09 Job submitted from host: <128.83.144.47:58656>
...
001 (107.000.000) 03/06 13:05:15 Job executing on host: <128.83.144.84:41463>
...
006 (107.000.000) 03/06 13:05:23 Image size of job updated: 35558040
	16  -  MemoryUsage of job (MB)
	16276  -  ResidentSetSize of job (KB)
...
006 (107.000.000) 03/06 13:10:23 Image size of job updated: 37035628
	891  -  MemoryUsage of job (MB)
	911428  -  ResidentSetSize of job (KB)
...
006 (107.000.000) 03/06 13:15:24 Image size of job updated: 37035628
	1077  -  MemoryUsage of job (MB)
	1102104  -  ResidentSetSize of job (KB)
...
006 (107.000.000) 03/06 13:20:25 Image size of job updated: 37035628
	1258  -  MemoryUsage of job (MB)
	1287904  -  ResidentSetSize of job (KB)
...
006 (107.000.000) 03/06 13:25:25 Image size of job updated: 37035628
	1466  -  MemoryUsage of job (MB)
	1500824  -  ResidentSetSize of job (KB)
...
005 (107.000.000) 03/06 13:34:53 Job terminated.
	(1) Normal termination (return value 0)
		Usr 0 00:30:33, Sys 0 00:00:02  -  Run Remote Usage
		Usr 0 00:00:00, Sys 0 00:00:00  -  Run Local Usage
		Usr 0 00:30:33, Sys 0 00:00:02  -  Total Remote Usage
		Usr 0 00:00:00, Sys 0 00:00:00  -  Total Local Usage
	0  -  Run Bytes Sent By Job
	0  -  Run Bytes Received By Job
	0  -  Total Bytes Sent By Job
	0  -  Total Bytes Received By Job
	Partitionable Resources :    Usage  Request Allocated
	   Cpus                 :                 1         1
	   Disk (KB)            :       10       10   7541874
	   Gpus                 :                           0
	   Memory (MB)          :     1466        1      4027
...
