State #0 "O"
initialWeight=0.0, finalWeight=0.0
#destinations=73
-> O
-> DT
-> NN
-> IN
-> RB
-> VBN
-> TO
-> VB
-> NNP
-> NNS
-> VBZ
-> JJ
-> PRP
-> RBR
-> CD
-> ,
-> VBD
-> .
-> VBG
-> WDT
-> VBP
-> PRP$
-> JJS
-> POS
-> ``
-> EX
-> ''
-> CC
-> WP
-> :
-> JJR
-> MD
-> WRB
-> RP
-> $
-> WP$
-> 2
-> winter
-> NNPS
-> (
-> )
-> RBS
-> FW
-> PDT
-> UH
-> McGraw-Hill
-> McGraw
-> 4
-> 8
-> SYM
-> Firestone
-> LS
-> 10th
-> #
-> VBG|NN
-> 16
-> Del
-> Fawcett
-> 50
-> Net
-> bassoonist\
-> JJ|NN
-> RB|IN
-> processing
-> VBN|JJ
-> 32
-> NNS|NN
-> VB|NN
-> RBR|JJR
-> NN|NNS
-> JJ|RB
-> Twenty-First
-> piano
State #1 "DT"
initialWeight=0.0, finalWeight=0.0
#destinations=73
-> O
-> DT
-> NN
-> IN
-> RB
-> VBN
-> TO
-> VB
-> NNP
-> NNS
-> VBZ
-> JJ
-> PRP
-> RBR
-> CD
-> ,
-> VBD
-> .
-> VBG
-> WDT
-> VBP
-> PRP$
-> JJS
-> POS
-> ``
-> EX
-> ''
-> CC
-> WP
-> :
-> JJR
-> MD
-> WRB
-> RP
-> $
-> WP$
-> 2
-> winter
-> NNPS
-> (
-> )
-> RBS
-> FW
-> PDT
-> UH
-> McGraw-Hill
-> McGraw
-> 4
-> 8
-> SYM
-> Firestone
-> LS
-> 10th
-> #
-> VBG|NN
-> 16
-> Del
-> Fawcett
-> 50
-> Net
-> bassoonist\
-> JJ|NN
-> RB|IN
-> processing
-> VBN|JJ
-> 32
-> NNS|NN
-> VB|NN
-> RBR|JJR
-> NN|NNS
-> JJ|RB
-> Twenty-First
-> piano
State #2 "NN"
initialWeight=0.0, finalWeight=0.0
#destinations=73
-> O
-> DT
-> NN
-> IN
-> RB
-> VBN
-> TO
-> VB
-> NNP
-> NNS
-> VBZ
-> JJ
-> PRP
-> RBR
-> CD
-> ,
-> VBD
-> .
-> VBG
-> WDT
-> VBP
-> PRP$
-> JJS
-> POS
-> ``
-> EX
-> ''
-> CC
-> WP
-> :
-> JJR
-> MD
-> WRB
-> RP
-> $
-> WP$
-> 2
-> winter
-> NNPS
-> (
-> )
-> RBS
-> FW
-> PDT
-> UH
-> McGraw-Hill
-> McGraw
-> 4
-> 8
-> SYM
-> Firestone
-> LS
-> 10th
-> #
-> VBG|NN
-> 16
-> Del
-> Fawcett
-> 50
-> Net
-> bassoonist\
-> JJ|NN
-> RB|IN
-> processing
-> VBN|JJ
-> 32
-> NNS|NN
-> VB|NN
-> RBR|JJR
-> NN|NNS
-> JJ|RB
-> Twenty-First
-> piano
State #3 "IN"
initialWeight=0.0, finalWeight=0.0
#destinations=73
-> O
-> DT
-> NN
-> IN
-> RB
-> VBN
-> TO
-> VB
-> NNP
-> NNS
-> VBZ
-> JJ
-> PRP
-> RBR
-> CD
-> ,
-> VBD
-> .
-> VBG
-> WDT
-> VBP
-> PRP$
-> JJS
-> POS
-> ``
-> EX
-> ''
-> CC
-> WP
-> :
-> JJR
-> MD
-> WRB
-> RP
-> $
-> WP$
-> 2
-> winter
-> NNPS
-> (
-> )
-> RBS
-> FW
-> PDT
-> UH
-> McGraw-Hill
-> McGraw
-> 4
-> 8
-> SYM
-> Firestone
-> LS
-> 10th
-> #
-> VBG|NN
-> 16
-> Del
-> Fawcett
-> 50
-> Net
-> bassoonist\
-> JJ|NN
-> RB|IN
-> processing
-> VBN|JJ
-> 32
-> NNS|NN
-> VB|NN
-> RBR|JJR
-> NN|NNS
-> JJ|RB
-> Twenty-First
-> piano
State #4 "RB"
initialWeight=0.0, finalWeight=0.0
#destinations=73
-> O
-> DT
-> NN
-> IN
-> RB
-> VBN
-> TO
-> VB
-> NNP
-> NNS
-> VBZ
-> JJ
-> PRP
-> RBR
-> CD
-> ,
-> VBD
-> .
-> VBG
-> WDT
-> VBP
-> PRP$
-> JJS
-> POS
-> ``
-> EX
-> ''
-> CC
-> WP
-> :
-> JJR
-> MD
-> WRB
-> RP
-> $
-> WP$
-> 2
-> winter
-> NNPS
-> (
-> )
-> RBS
-> FW
-> PDT
-> UH
-> McGraw-Hill
-> McGraw
-> 4
-> 8
-> SYM
-> Firestone
-> LS
-> 10th
-> #
-> VBG|NN
-> 16
-> Del
-> Fawcett
-> 50
-> Net
-> bassoonist\
-> JJ|NN
-> RB|IN
-> processing
-> VBN|JJ
-> 32
-> NNS|NN
-> VB|NN
-> RBR|JJR
-> NN|NNS
-> JJ|RB
-> Twenty-First
-> piano
State #5 "VBN"
initialWeight=0.0, finalWeight=0.0
#destinations=73
-> O
-> DT
-> NN
-> IN
-> RB
-> VBN
-> TO
-> VB
-> NNP
-> NNS
-> VBZ
-> JJ
-> PRP
-> RBR
-> CD
-> ,
-> VBD
-> .
-> VBG
-> WDT
-> VBP
-> PRP$
-> JJS
-> POS
-> ``
-> EX
-> ''
-> CC
-> WP
-> :
-> JJR
-> MD
-> WRB
-> RP
-> $
-> WP$
-> 2
-> winter
-> NNPS
-> (
-> )
-> RBS
-> FW
-> PDT
-> UH
-> McGraw-Hill
-> McGraw
-> 4
-> 8
-> SYM
-> Firestone
-> LS
-> 10th
-> #
-> VBG|NN
-> 16
-> Del
-> Fawcett
-> 50
-> Net
-> bassoonist\
-> JJ|NN
-> RB|IN
-> processing
-> VBN|JJ
-> 32
-> NNS|NN
-> VB|NN
-> RBR|JJR
-> NN|NNS
-> JJ|RB
-> Twenty-First
-> piano
State #6 "TO"
initialWeight=0.0, finalWeight=0.0
#destinations=73
-> O
-> DT
-> NN
-> IN
-> RB
-> VBN
-> TO
-> VB
-> NNP
-> NNS
-> VBZ
-> JJ
-> PRP
-> RBR
-> CD
-> ,
-> VBD
-> .
-> VBG
-> WDT
-> VBP
-> PRP$
-> JJS
-> POS
-> ``
-> EX
-> ''
-> CC
-> WP
-> :
-> JJR
-> MD
-> WRB
-> RP
-> $
-> WP$
-> 2
-> winter
-> NNPS
-> (
-> )
-> RBS
-> FW
-> PDT
-> UH
-> McGraw-Hill
-> McGraw
-> 4
-> 8
-> SYM
-> Firestone
-> LS
-> 10th
-> #
-> VBG|NN
-> 16
-> Del
-> Fawcett
-> 50
-> Net
-> bassoonist\
-> JJ|NN
-> RB|IN
-> processing
-> VBN|JJ
-> 32
-> NNS|NN
-> VB|NN
-> RBR|JJR
-> NN|NNS
-> JJ|RB
-> Twenty-First
-> piano
State #7 "VB"
initialWeight=0.0, finalWeight=0.0
#destinations=73
-> O
-> DT
-> NN
-> IN
-> RB
-> VBN
-> TO
-> VB
-> NNP
-> NNS
-> VBZ
-> JJ
-> PRP
-> RBR
-> CD
-> ,
-> VBD
-> .
-> VBG
-> WDT
-> VBP
-> PRP$
-> JJS
-> POS
-> ``
-> EX
-> ''
-> CC
-> WP
-> :
-> JJR
-> MD
-> WRB
-> RP
-> $
-> WP$
-> 2
-> winter
-> NNPS
-> (
-> )
-> RBS
-> FW
-> PDT
-> UH
-> McGraw-Hill
-> McGraw
-> 4
-> 8
-> SYM
-> Firestone
-> LS
-> 10th
-> #
-> VBG|NN
-> 16
-> Del
-> Fawcett
-> 50
-> Net
-> bassoonist\
-> JJ|NN
-> RB|IN
-> processing
-> VBN|JJ
-> 32
-> NNS|NN
-> VB|NN
-> RBR|JJR
-> NN|NNS
-> JJ|RB
-> Twenty-First
-> piano
State #8 "NNP"
initialWeight=0.0, finalWeight=0.0
#destinations=73
-> O
-> DT
-> NN
-> IN
-> RB
-> VBN
-> TO
-> VB
-> NNP
-> NNS
-> VBZ
-> JJ
-> PRP
-> RBR
-> CD
-> ,
-> VBD
-> .
-> VBG
-> WDT
-> VBP
-> PRP$
-> JJS
-> POS
-> ``
-> EX
-> ''
-> CC
-> WP
-> :
-> JJR
-> MD
-> WRB
-> RP
-> $
-> WP$
-> 2
-> winter
-> NNPS
-> (
-> )
-> RBS
-> FW
-> PDT
-> UH
-> McGraw-Hill
-> McGraw
-> 4
-> 8
-> SYM
-> Firestone
-> LS
-> 10th
-> #
-> VBG|NN
-> 16
-> Del
-> Fawcett
-> 50
-> Net
-> bassoonist\
-> JJ|NN
-> RB|IN
-> processing
-> VBN|JJ
-> 32
-> NNS|NN
-> VB|NN
-> RBR|JJR
-> NN|NNS
-> JJ|RB
-> Twenty-First
-> piano
State #9 "NNS"
initialWeight=0.0, finalWeight=0.0
#destinations=73
-> O
-> DT
-> NN
-> IN
-> RB
-> VBN
-> TO
-> VB
-> NNP
-> NNS
-> VBZ
-> JJ
-> PRP
-> RBR
-> CD
-> ,
-> VBD
-> .
-> VBG
-> WDT
-> VBP
-> PRP$
-> JJS
-> POS
-> ``
-> EX
-> ''
-> CC
-> WP
-> :
-> JJR
-> MD
-> WRB
-> RP
-> $
-> WP$
-> 2
-> winter
-> NNPS
-> (
-> )
-> RBS
-> FW
-> PDT
-> UH
-> McGraw-Hill
-> McGraw
-> 4
-> 8
-> SYM
-> Firestone
-> LS
-> 10th
-> #
-> VBG|NN
-> 16
-> Del
-> Fawcett
-> 50
-> Net
-> bassoonist\
-> JJ|NN
-> RB|IN
-> processing
-> VBN|JJ
-> 32
-> NNS|NN
-> VB|NN
-> RBR|JJR
-> NN|NNS
-> JJ|RB
-> Twenty-First
-> piano
State #10 "VBZ"
initialWeight=0.0, finalWeight=0.0
#destinations=73
-> O
-> DT
-> NN
-> IN
-> RB
-> VBN
-> TO
-> VB
-> NNP
-> NNS
-> VBZ
-> JJ
-> PRP
-> RBR
-> CD
-> ,
-> VBD
-> .
-> VBG
-> WDT
-> VBP
-> PRP$
-> JJS
-> POS
-> ``
-> EX
-> ''
-> CC
-> WP
-> :
-> JJR
-> MD
-> WRB
-> RP
-> $
-> WP$
-> 2
-> winter
-> NNPS
-> (
-> )
-> RBS
-> FW
-> PDT
-> UH
-> McGraw-Hill
-> McGraw
-> 4
-> 8
-> SYM
-> Firestone
-> LS
-> 10th
-> #
-> VBG|NN
-> 16
-> Del
-> Fawcett
-> 50
-> Net
-> bassoonist\
-> JJ|NN
-> RB|IN
-> processing
-> VBN|JJ
-> 32
-> NNS|NN
-> VB|NN
-> RBR|JJR
-> NN|NNS
-> JJ|RB
-> Twenty-First
-> piano
State #11 "JJ"
initialWeight=0.0, finalWeight=0.0
#destinations=73
-> O
-> DT
-> NN
-> IN
-> RB
-> VBN
-> TO
-> VB
-> NNP
-> NNS
-> VBZ
-> JJ
-> PRP
-> RBR
-> CD
-> ,
-> VBD
-> .
-> VBG
-> WDT
-> VBP
-> PRP$
-> JJS
-> POS
-> ``
-> EX
-> ''
-> CC
-> WP
-> :
-> JJR
-> MD
-> WRB
-> RP
-> $
-> WP$
-> 2
-> winter
-> NNPS
-> (
-> )
-> RBS
-> FW
-> PDT
-> UH
-> McGraw-Hill
-> McGraw
-> 4
-> 8
-> SYM
-> Firestone
-> LS
-> 10th
-> #
-> VBG|NN
-> 16
-> Del
-> Fawcett
-> 50
-> Net
-> bassoonist\
-> JJ|NN
-> RB|IN
-> processing
-> VBN|JJ
-> 32
-> NNS|NN
-> VB|NN
-> RBR|JJR
-> NN|NNS
-> JJ|RB
-> Twenty-First
-> piano
State #12 "PRP"
initialWeight=0.0, finalWeight=0.0
#destinations=73
-> O
-> DT
-> NN
-> IN
-> RB
-> VBN
-> TO
-> VB
-> NNP
-> NNS
-> VBZ
-> JJ
-> PRP
-> RBR
-> CD
-> ,
-> VBD
-> .
-> VBG
-> WDT
-> VBP
-> PRP$
-> JJS
-> POS
-> ``
-> EX
-> ''
-> CC
-> WP
-> :
-> JJR
-> MD
-> WRB
-> RP
-> $
-> WP$
-> 2
-> winter
-> NNPS
-> (
-> )
-> RBS
-> FW
-> PDT
-> UH
-> McGraw-Hill
-> McGraw
-> 4
-> 8
-> SYM
-> Firestone
-> LS
-> 10th
-> #
-> VBG|NN
-> 16
-> Del
-> Fawcett
-> 50
-> Net
-> bassoonist\
-> JJ|NN
-> RB|IN
-> processing
-> VBN|JJ
-> 32
-> NNS|NN
-> VB|NN
-> RBR|JJR
-> NN|NNS
-> JJ|RB
-> Twenty-First
-> piano
State #13 "RBR"
initialWeight=0.0, finalWeight=0.0
#destinations=73
-> O
-> DT
-> NN
-> IN
-> RB
-> VBN
-> TO
-> VB
-> NNP
-> NNS
-> VBZ
-> JJ
-> PRP
-> RBR
-> CD
-> ,
-> VBD
-> .
-> VBG
-> WDT
-> VBP
-> PRP$
-> JJS
-> POS
-> ``
-> EX
-> ''
-> CC
-> WP
-> :
-> JJR
-> MD
-> WRB
-> RP
-> $
-> WP$
-> 2
-> winter
-> NNPS
-> (
-> )
-> RBS
-> FW
-> PDT
-> UH
-> McGraw-Hill
-> McGraw
-> 4
-> 8
-> SYM
-> Firestone
-> LS
-> 10th
-> #
-> VBG|NN
-> 16
-> Del
-> Fawcett
-> 50
-> Net
-> bassoonist\
-> JJ|NN
-> RB|IN
-> processing
-> VBN|JJ
-> 32
-> NNS|NN
-> VB|NN
-> RBR|JJR
-> NN|NNS
-> JJ|RB
-> Twenty-First
-> piano
State #14 "CD"
initialWeight=0.0, finalWeight=0.0
#destinations=73
-> O
-> DT
-> NN
-> IN
-> RB
-> VBN
-> TO
-> VB
-> NNP
-> NNS
-> VBZ
-> JJ
-> PRP
-> RBR
-> CD
-> ,
-> VBD
-> .
-> VBG
-> WDT
-> VBP
-> PRP$
-> JJS
-> POS
-> ``
-> EX
-> ''
-> CC
-> WP
-> :
-> JJR
-> MD
-> WRB
-> RP
-> $
-> WP$
-> 2
-> winter
-> NNPS
-> (
-> )
-> RBS
-> FW
-> PDT
-> UH
-> McGraw-Hill
-> McGraw
-> 4
-> 8
-> SYM
-> Firestone
-> LS
-> 10th
-> #
-> VBG|NN
-> 16
-> Del
-> Fawcett
-> 50
-> Net
-> bassoonist\
-> JJ|NN
-> RB|IN
-> processing
-> VBN|JJ
-> 32
-> NNS|NN
-> VB|NN
-> RBR|JJR
-> NN|NNS
-> JJ|RB
-> Twenty-First
-> piano
State #15 ","
initialWeight=0.0, finalWeight=0.0
#destinations=73
-> O
-> DT
-> NN
-> IN
-> RB
-> VBN
-> TO
-> VB
-> NNP
-> NNS
-> VBZ
-> JJ
-> PRP
-> RBR
-> CD
-> ,
-> VBD
-> .
-> VBG
-> WDT
-> VBP
-> PRP$
-> JJS
-> POS
-> ``
-> EX
-> ''
-> CC
-> WP
-> :
-> JJR
-> MD
-> WRB
-> RP
-> $
-> WP$
-> 2
-> winter
-> NNPS
-> (
-> )
-> RBS
-> FW
-> PDT
-> UH
-> McGraw-Hill
-> McGraw
-> 4
-> 8
-> SYM
-> Firestone
-> LS
-> 10th
-> #
-> VBG|NN
-> 16
-> Del
-> Fawcett
-> 50
-> Net
-> bassoonist\
-> JJ|NN
-> RB|IN
-> processing
-> VBN|JJ
-> 32
-> NNS|NN
-> VB|NN
-> RBR|JJR
-> NN|NNS
-> JJ|RB
-> Twenty-First
-> piano
State #16 "VBD"
initialWeight=0.0, finalWeight=0.0
#destinations=73
-> O
-> DT
-> NN
-> IN
-> RB
-> VBN
-> TO
-> VB
-> NNP
-> NNS
-> VBZ
-> JJ
-> PRP
-> RBR
-> CD
-> ,
-> VBD
-> .
-> VBG
-> WDT
-> VBP
-> PRP$
-> JJS
-> POS
-> ``
-> EX
-> ''
-> CC
-> WP
-> :
-> JJR
-> MD
-> WRB
-> RP
-> $
-> WP$
-> 2
-> winter
-> NNPS
-> (
-> )
-> RBS
-> FW
-> PDT
-> UH
-> McGraw-Hill
-> McGraw
-> 4
-> 8
-> SYM
-> Firestone
-> LS
-> 10th
-> #
-> VBG|NN
-> 16
-> Del
-> Fawcett
-> 50
-> Net
-> bassoonist\
-> JJ|NN
-> RB|IN
-> processing
-> VBN|JJ
-> 32
-> NNS|NN
-> VB|NN
-> RBR|JJR
-> NN|NNS
-> JJ|RB
-> Twenty-First
-> piano
State #17 "."
initialWeight=0.0, finalWeight=0.0
#destinations=73
-> O
-> DT
-> NN
-> IN
-> RB
-> VBN
-> TO
-> VB
-> NNP
-> NNS
-> VBZ
-> JJ
-> PRP
-> RBR
-> CD
-> ,
-> VBD
-> .
-> VBG
-> WDT
-> VBP
-> PRP$
-> JJS
-> POS
-> ``
-> EX
-> ''
-> CC
-> WP
-> :
-> JJR
-> MD
-> WRB
-> RP
-> $
-> WP$
-> 2
-> winter
-> NNPS
-> (
-> )
-> RBS
-> FW
-> PDT
-> UH
-> McGraw-Hill
-> McGraw
-> 4
-> 8
-> SYM
-> Firestone
-> LS
-> 10th
-> #
-> VBG|NN
-> 16
-> Del
-> Fawcett
-> 50
-> Net
-> bassoonist\
-> JJ|NN
-> RB|IN
-> processing
-> VBN|JJ
-> 32
-> NNS|NN
-> VB|NN
-> RBR|JJR
-> NN|NNS
-> JJ|RB
-> Twenty-First
-> piano
State #18 "VBG"
initialWeight=0.0, finalWeight=0.0
#destinations=73
-> O
-> DT
-> NN
-> IN
-> RB
-> VBN
-> TO
-> VB
-> NNP
-> NNS
-> VBZ
-> JJ
-> PRP
-> RBR
-> CD
-> ,
-> VBD
-> .
-> VBG
-> WDT
-> VBP
-> PRP$
-> JJS
-> POS
-> ``
-> EX
-> ''
-> CC
-> WP
-> :
-> JJR
-> MD
-> WRB
-> RP
-> $
-> WP$
-> 2
-> winter
-> NNPS
-> (
-> )
-> RBS
-> FW
-> PDT
-> UH
-> McGraw-Hill
-> McGraw
-> 4
-> 8
-> SYM
-> Firestone
-> LS
-> 10th
-> #
-> VBG|NN
-> 16
-> Del
-> Fawcett
-> 50
-> Net
-> bassoonist\
-> JJ|NN
-> RB|IN
-> processing
-> VBN|JJ
-> 32
-> NNS|NN
-> VB|NN
-> RBR|JJR
-> NN|NNS
-> JJ|RB
-> Twenty-First
-> piano
State #19 "WDT"
initialWeight=0.0, finalWeight=0.0
#destinations=73
-> O
-> DT
-> NN
-> IN
-> RB
-> VBN
-> TO
-> VB
-> NNP
-> NNS
-> VBZ
-> JJ
-> PRP
-> RBR
-> CD
-> ,
-> VBD
-> .
-> VBG
-> WDT
-> VBP
-> PRP$
-> JJS
-> POS
-> ``
-> EX
-> ''
-> CC
-> WP
-> :
-> JJR
-> MD
-> WRB
-> RP
-> $
-> WP$
-> 2
-> winter
-> NNPS
-> (
-> )
-> RBS
-> FW
-> PDT
-> UH
-> McGraw-Hill
-> McGraw
-> 4
-> 8
-> SYM
-> Firestone
-> LS
-> 10th
-> #
-> VBG|NN
-> 16
-> Del
-> Fawcett
-> 50
-> Net
-> bassoonist\
-> JJ|NN
-> RB|IN
-> processing
-> VBN|JJ
-> 32
-> NNS|NN
-> VB|NN
-> RBR|JJR
-> NN|NNS
-> JJ|RB
-> Twenty-First
-> piano
State #20 "VBP"
initialWeight=0.0, finalWeight=0.0
#destinations=73
-> O
-> DT
-> NN
-> IN
-> RB
-> VBN
-> TO
-> VB
-> NNP
-> NNS
-> VBZ
-> JJ
-> PRP
-> RBR
-> CD
-> ,
-> VBD
-> .
-> VBG
-> WDT
-> VBP
-> PRP$
-> JJS
-> POS
-> ``
-> EX
-> ''
-> CC
-> WP
-> :
-> JJR
-> MD
-> WRB
-> RP
-> $
-> WP$
-> 2
-> winter
-> NNPS
-> (
-> )
-> RBS
-> FW
-> PDT
-> UH
-> McGraw-Hill
-> McGraw
-> 4
-> 8
-> SYM
-> Firestone
-> LS
-> 10th
-> #
-> VBG|NN
-> 16
-> Del
-> Fawcett
-> 50
-> Net
-> bassoonist\
-> JJ|NN
-> RB|IN
-> processing
-> VBN|JJ
-> 32
-> NNS|NN
-> VB|NN
-> RBR|JJR
-> NN|NNS
-> JJ|RB
-> Twenty-First
-> piano
State #21 "PRP$"
initialWeight=0.0, finalWeight=0.0
#destinations=73
-> O
-> DT
-> NN
-> IN
-> RB
-> VBN
-> TO
-> VB
-> NNP
-> NNS
-> VBZ
-> JJ
-> PRP
-> RBR
-> CD
-> ,
-> VBD
-> .
-> VBG
-> WDT
-> VBP
-> PRP$
-> JJS
-> POS
-> ``
-> EX
-> ''
-> CC
-> WP
-> :
-> JJR
-> MD
-> WRB
-> RP
-> $
-> WP$
-> 2
-> winter
-> NNPS
-> (
-> )
-> RBS
-> FW
-> PDT
-> UH
-> McGraw-Hill
-> McGraw
-> 4
-> 8
-> SYM
-> Firestone
-> LS
-> 10th
-> #
-> VBG|NN
-> 16
-> Del
-> Fawcett
-> 50
-> Net
-> bassoonist\
-> JJ|NN
-> RB|IN
-> processing
-> VBN|JJ
-> 32
-> NNS|NN
-> VB|NN
-> RBR|JJR
-> NN|NNS
-> JJ|RB
-> Twenty-First
-> piano
State #22 "JJS"
initialWeight=0.0, finalWeight=0.0
#destinations=73
-> O
-> DT
-> NN
-> IN
-> RB
-> VBN
-> TO
-> VB
-> NNP
-> NNS
-> VBZ
-> JJ
-> PRP
-> RBR
-> CD
-> ,
-> VBD
-> .
-> VBG
-> WDT
-> VBP
-> PRP$
-> JJS
-> POS
-> ``
-> EX
-> ''
-> CC
-> WP
-> :
-> JJR
-> MD
-> WRB
-> RP
-> $
-> WP$
-> 2
-> winter
-> NNPS
-> (
-> )
-> RBS
-> FW
-> PDT
-> UH
-> McGraw-Hill
-> McGraw
-> 4
-> 8
-> SYM
-> Firestone
-> LS
-> 10th
-> #
-> VBG|NN
-> 16
-> Del
-> Fawcett
-> 50
-> Net
-> bassoonist\
-> JJ|NN
-> RB|IN
-> processing
-> VBN|JJ
-> 32
-> NNS|NN
-> VB|NN
-> RBR|JJR
-> NN|NNS
-> JJ|RB
-> Twenty-First
-> piano
State #23 "POS"
initialWeight=0.0, finalWeight=0.0
#destinations=73
-> O
-> DT
-> NN
-> IN
-> RB
-> VBN
-> TO
-> VB
-> NNP
-> NNS
-> VBZ
-> JJ
-> PRP
-> RBR
-> CD
-> ,
-> VBD
-> .
-> VBG
-> WDT
-> VBP
-> PRP$
-> JJS
-> POS
-> ``
-> EX
-> ''
-> CC
-> WP
-> :
-> JJR
-> MD
-> WRB
-> RP
-> $
-> WP$
-> 2
-> winter
-> NNPS
-> (
-> )
-> RBS
-> FW
-> PDT
-> UH
-> McGraw-Hill
-> McGraw
-> 4
-> 8
-> SYM
-> Firestone
-> LS
-> 10th
-> #
-> VBG|NN
-> 16
-> Del
-> Fawcett
-> 50
-> Net
-> bassoonist\
-> JJ|NN
-> RB|IN
-> processing
-> VBN|JJ
-> 32
-> NNS|NN
-> VB|NN
-> RBR|JJR
-> NN|NNS
-> JJ|RB
-> Twenty-First
-> piano
State #24 "``"
initialWeight=0.0, finalWeight=0.0
#destinations=73
-> O
-> DT
-> NN
-> IN
-> RB
-> VBN
-> TO
-> VB
-> NNP
-> NNS
-> VBZ
-> JJ
-> PRP
-> RBR
-> CD
-> ,
-> VBD
-> .
-> VBG
-> WDT
-> VBP
-> PRP$
-> JJS
-> POS
-> ``
-> EX
-> ''
-> CC
-> WP
-> :
-> JJR
-> MD
-> WRB
-> RP
-> $
-> WP$
-> 2
-> winter
-> NNPS
-> (
-> )
-> RBS
-> FW
-> PDT
-> UH
-> McGraw-Hill
-> McGraw
-> 4
-> 8
-> SYM
-> Firestone
-> LS
-> 10th
-> #
-> VBG|NN
-> 16
-> Del
-> Fawcett
-> 50
-> Net
-> bassoonist\
-> JJ|NN
-> RB|IN
-> processing
-> VBN|JJ
-> 32
-> NNS|NN
-> VB|NN
-> RBR|JJR
-> NN|NNS
-> JJ|RB
-> Twenty-First
-> piano
State #25 "EX"
initialWeight=0.0, finalWeight=0.0
#destinations=73
-> O
-> DT
-> NN
-> IN
-> RB
-> VBN
-> TO
-> VB
-> NNP
-> NNS
-> VBZ
-> JJ
-> PRP
-> RBR
-> CD
-> ,
-> VBD
-> .
-> VBG
-> WDT
-> VBP
-> PRP$
-> JJS
-> POS
-> ``
-> EX
-> ''
-> CC
-> WP
-> :
-> JJR
-> MD
-> WRB
-> RP
-> $
-> WP$
-> 2
-> winter
-> NNPS
-> (
-> )
-> RBS
-> FW
-> PDT
-> UH
-> McGraw-Hill
-> McGraw
-> 4
-> 8
-> SYM
-> Firestone
-> LS
-> 10th
-> #
-> VBG|NN
-> 16
-> Del
-> Fawcett
-> 50
-> Net
-> bassoonist\
-> JJ|NN
-> RB|IN
-> processing
-> VBN|JJ
-> 32
-> NNS|NN
-> VB|NN
-> RBR|JJR
-> NN|NNS
-> JJ|RB
-> Twenty-First
-> piano
State #26 "''"
initialWeight=0.0, finalWeight=0.0
#destinations=73
-> O
-> DT
-> NN
-> IN
-> RB
-> VBN
-> TO
-> VB
-> NNP
-> NNS
-> VBZ
-> JJ
-> PRP
-> RBR
-> CD
-> ,
-> VBD
-> .
-> VBG
-> WDT
-> VBP
-> PRP$
-> JJS
-> POS
-> ``
-> EX
-> ''
-> CC
-> WP
-> :
-> JJR
-> MD
-> WRB
-> RP
-> $
-> WP$
-> 2
-> winter
-> NNPS
-> (
-> )
-> RBS
-> FW
-> PDT
-> UH
-> McGraw-Hill
-> McGraw
-> 4
-> 8
-> SYM
-> Firestone
-> LS
-> 10th
-> #
-> VBG|NN
-> 16
-> Del
-> Fawcett
-> 50
-> Net
-> bassoonist\
-> JJ|NN
-> RB|IN
-> processing
-> VBN|JJ
-> 32
-> NNS|NN
-> VB|NN
-> RBR|JJR
-> NN|NNS
-> JJ|RB
-> Twenty-First
-> piano
State #27 "CC"
initialWeight=0.0, finalWeight=0.0
#destinations=73
-> O
-> DT
-> NN
-> IN
-> RB
-> VBN
-> TO
-> VB
-> NNP
-> NNS
-> VBZ
-> JJ
-> PRP
-> RBR
-> CD
-> ,
-> VBD
-> .
-> VBG
-> WDT
-> VBP
-> PRP$
-> JJS
-> POS
-> ``
-> EX
-> ''
-> CC
-> WP
-> :
-> JJR
-> MD
-> WRB
-> RP
-> $
-> WP$
-> 2
-> winter
-> NNPS
-> (
-> )
-> RBS
-> FW
-> PDT
-> UH
-> McGraw-Hill
-> McGraw
-> 4
-> 8
-> SYM
-> Firestone
-> LS
-> 10th
-> #
-> VBG|NN
-> 16
-> Del
-> Fawcett
-> 50
-> Net
-> bassoonist\
-> JJ|NN
-> RB|IN
-> processing
-> VBN|JJ
-> 32
-> NNS|NN
-> VB|NN
-> RBR|JJR
-> NN|NNS
-> JJ|RB
-> Twenty-First
-> piano
State #28 "WP"
initialWeight=0.0, finalWeight=0.0
#destinations=73
-> O
-> DT
-> NN
-> IN
-> RB
-> VBN
-> TO
-> VB
-> NNP
-> NNS
-> VBZ
-> JJ
-> PRP
-> RBR
-> CD
-> ,
-> VBD
-> .
-> VBG
-> WDT
-> VBP
-> PRP$
-> JJS
-> POS
-> ``
-> EX
-> ''
-> CC
-> WP
-> :
-> JJR
-> MD
-> WRB
-> RP
-> $
-> WP$
-> 2
-> winter
-> NNPS
-> (
-> )
-> RBS
-> FW
-> PDT
-> UH
-> McGraw-Hill
-> McGraw
-> 4
-> 8
-> SYM
-> Firestone
-> LS
-> 10th
-> #
-> VBG|NN
-> 16
-> Del
-> Fawcett
-> 50
-> Net
-> bassoonist\
-> JJ|NN
-> RB|IN
-> processing
-> VBN|JJ
-> 32
-> NNS|NN
-> VB|NN
-> RBR|JJR
-> NN|NNS
-> JJ|RB
-> Twenty-First
-> piano
State #29 ":"
initialWeight=0.0, finalWeight=0.0
#destinations=73
-> O
-> DT
-> NN
-> IN
-> RB
-> VBN
-> TO
-> VB
-> NNP
-> NNS
-> VBZ
-> JJ
-> PRP
-> RBR
-> CD
-> ,
-> VBD
-> .
-> VBG
-> WDT
-> VBP
-> PRP$
-> JJS
-> POS
-> ``
-> EX
-> ''
-> CC
-> WP
-> :
-> JJR
-> MD
-> WRB
-> RP
-> $
-> WP$
-> 2
-> winter
-> NNPS
-> (
-> )
-> RBS
-> FW
-> PDT
-> UH
-> McGraw-Hill
-> McGraw
-> 4
-> 8
-> SYM
-> Firestone
-> LS
-> 10th
-> #
-> VBG|NN
-> 16
-> Del
-> Fawcett
-> 50
-> Net
-> bassoonist\
-> JJ|NN
-> RB|IN
-> processing
-> VBN|JJ
-> 32
-> NNS|NN
-> VB|NN
-> RBR|JJR
-> NN|NNS
-> JJ|RB
-> Twenty-First
-> piano
State #30 "JJR"
initialWeight=0.0, finalWeight=0.0
#destinations=73
-> O
-> DT
-> NN
-> IN
-> RB
-> VBN
-> TO
-> VB
-> NNP
-> NNS
-> VBZ
-> JJ
-> PRP
-> RBR
-> CD
-> ,
-> VBD
-> .
-> VBG
-> WDT
-> VBP
-> PRP$
-> JJS
-> POS
-> ``
-> EX
-> ''
-> CC
-> WP
-> :
-> JJR
-> MD
-> WRB
-> RP
-> $
-> WP$
-> 2
-> winter
-> NNPS
-> (
-> )
-> RBS
-> FW
-> PDT
-> UH
-> McGraw-Hill
-> McGraw
-> 4
-> 8
-> SYM
-> Firestone
-> LS
-> 10th
-> #
-> VBG|NN
-> 16
-> Del
-> Fawcett
-> 50
-> Net
-> bassoonist\
-> JJ|NN
-> RB|IN
-> processing
-> VBN|JJ
-> 32
-> NNS|NN
-> VB|NN
-> RBR|JJR
-> NN|NNS
-> JJ|RB
-> Twenty-First
-> piano
State #31 "MD"
initialWeight=0.0, finalWeight=0.0
#destinations=73
-> O
-> DT
-> NN
-> IN
-> RB
-> VBN
-> TO
-> VB
-> NNP
-> NNS
-> VBZ
-> JJ
-> PRP
-> RBR
-> CD
-> ,
-> VBD
-> .
-> VBG
-> WDT
-> VBP
-> PRP$
-> JJS
-> POS
-> ``
-> EX
-> ''
-> CC
-> WP
-> :
-> JJR
-> MD
-> WRB
-> RP
-> $
-> WP$
-> 2
-> winter
-> NNPS
-> (
-> )
-> RBS
-> FW
-> PDT
-> UH
-> McGraw-Hill
-> McGraw
-> 4
-> 8
-> SYM
-> Firestone
-> LS
-> 10th
-> #
-> VBG|NN
-> 16
-> Del
-> Fawcett
-> 50
-> Net
-> bassoonist\
-> JJ|NN
-> RB|IN
-> processing
-> VBN|JJ
-> 32
-> NNS|NN
-> VB|NN
-> RBR|JJR
-> NN|NNS
-> JJ|RB
-> Twenty-First
-> piano
State #32 "WRB"
initialWeight=0.0, finalWeight=0.0
#destinations=73
-> O
-> DT
-> NN
-> IN
-> RB
-> VBN
-> TO
-> VB
-> NNP
-> NNS
-> VBZ
-> JJ
-> PRP
-> RBR
-> CD
-> ,
-> VBD
-> .
-> VBG
-> WDT
-> VBP
-> PRP$
-> JJS
-> POS
-> ``
-> EX
-> ''
-> CC
-> WP
-> :
-> JJR
-> MD
-> WRB
-> RP
-> $
-> WP$
-> 2
-> winter
-> NNPS
-> (
-> )
-> RBS
-> FW
-> PDT
-> UH
-> McGraw-Hill
-> McGraw
-> 4
-> 8
-> SYM
-> Firestone
-> LS
-> 10th
-> #
-> VBG|NN
-> 16
-> Del
-> Fawcett
-> 50
-> Net
-> bassoonist\
-> JJ|NN
-> RB|IN
-> processing
-> VBN|JJ
-> 32
-> NNS|NN
-> VB|NN
-> RBR|JJR
-> NN|NNS
-> JJ|RB
-> Twenty-First
-> piano
State #33 "RP"
initialWeight=0.0, finalWeight=0.0
#destinations=73
-> O
-> DT
-> NN
-> IN
-> RB
-> VBN
-> TO
-> VB
-> NNP
-> NNS
-> VBZ
-> JJ
-> PRP
-> RBR
-> CD
-> ,
-> VBD
-> .
-> VBG
-> WDT
-> VBP
-> PRP$
-> JJS
-> POS
-> ``
-> EX
-> ''
-> CC
-> WP
-> :
-> JJR
-> MD
-> WRB
-> RP
-> $
-> WP$
-> 2
-> winter
-> NNPS
-> (
-> )
-> RBS
-> FW
-> PDT
-> UH
-> McGraw-Hill
-> McGraw
-> 4
-> 8
-> SYM
-> Firestone
-> LS
-> 10th
-> #
-> VBG|NN
-> 16
-> Del
-> Fawcett
-> 50
-> Net
-> bassoonist\
-> JJ|NN
-> RB|IN
-> processing
-> VBN|JJ
-> 32
-> NNS|NN
-> VB|NN
-> RBR|JJR
-> NN|NNS
-> JJ|RB
-> Twenty-First
-> piano
State #34 "$"
initialWeight=0.0, finalWeight=0.0
#destinations=73
-> O
-> DT
-> NN
-> IN
-> RB
-> VBN
-> TO
-> VB
-> NNP
-> NNS
-> VBZ
-> JJ
-> PRP
-> RBR
-> CD
-> ,
-> VBD
-> .
-> VBG
-> WDT
-> VBP
-> PRP$
-> JJS
-> POS
-> ``
-> EX
-> ''
-> CC
-> WP
-> :
-> JJR
-> MD
-> WRB
-> RP
-> $
-> WP$
-> 2
-> winter
-> NNPS
-> (
-> )
-> RBS
-> FW
-> PDT
-> UH
-> McGraw-Hill
-> McGraw
-> 4
-> 8
-> SYM
-> Firestone
-> LS
-> 10th
-> #
-> VBG|NN
-> 16
-> Del
-> Fawcett
-> 50
-> Net
-> bassoonist\
-> JJ|NN
-> RB|IN
-> processing
-> VBN|JJ
-> 32
-> NNS|NN
-> VB|NN
-> RBR|JJR
-> NN|NNS
-> JJ|RB
-> Twenty-First
-> piano
State #35 "WP$"
initialWeight=0.0, finalWeight=0.0
#destinations=73
-> O
-> DT
-> NN
-> IN
-> RB
-> VBN
-> TO
-> VB
-> NNP
-> NNS
-> VBZ
-> JJ
-> PRP
-> RBR
-> CD
-> ,
-> VBD
-> .
-> VBG
-> WDT
-> VBP
-> PRP$
-> JJS
-> POS
-> ``
-> EX
-> ''
-> CC
-> WP
-> :
-> JJR
-> MD
-> WRB
-> RP
-> $
-> WP$
-> 2
-> winter
-> NNPS
-> (
-> )
-> RBS
-> FW
-> PDT
-> UH
-> McGraw-Hill
-> McGraw
-> 4
-> 8
-> SYM
-> Firestone
-> LS
-> 10th
-> #
-> VBG|NN
-> 16
-> Del
-> Fawcett
-> 50
-> Net
-> bassoonist\
-> JJ|NN
-> RB|IN
-> processing
-> VBN|JJ
-> 32
-> NNS|NN
-> VB|NN
-> RBR|JJR
-> NN|NNS
-> JJ|RB
-> Twenty-First
-> piano
State #36 "2"
initialWeight=0.0, finalWeight=0.0
#destinations=73
-> O
-> DT
-> NN
-> IN
-> RB
-> VBN
-> TO
-> VB
-> NNP
-> NNS
-> VBZ
-> JJ
-> PRP
-> RBR
-> CD
-> ,
-> VBD
-> .
-> VBG
-> WDT
-> VBP
-> PRP$
-> JJS
-> POS
-> ``
-> EX
-> ''
-> CC
-> WP
-> :
-> JJR
-> MD
-> WRB
-> RP
-> $
-> WP$
-> 2
-> winter
-> NNPS
-> (
-> )
-> RBS
-> FW
-> PDT
-> UH
-> McGraw-Hill
-> McGraw
-> 4
-> 8
-> SYM
-> Firestone
-> LS
-> 10th
-> #
-> VBG|NN
-> 16
-> Del
-> Fawcett
-> 50
-> Net
-> bassoonist\
-> JJ|NN
-> RB|IN
-> processing
-> VBN|JJ
-> 32
-> NNS|NN
-> VB|NN
-> RBR|JJR
-> NN|NNS
-> JJ|RB
-> Twenty-First
-> piano
State #37 "winter"
initialWeight=0.0, finalWeight=0.0
#destinations=73
-> O
-> DT
-> NN
-> IN
-> RB
-> VBN
-> TO
-> VB
-> NNP
-> NNS
-> VBZ
-> JJ
-> PRP
-> RBR
-> CD
-> ,
-> VBD
-> .
-> VBG
-> WDT
-> VBP
-> PRP$
-> JJS
-> POS
-> ``
-> EX
-> ''
-> CC
-> WP
-> :
-> JJR
-> MD
-> WRB
-> RP
-> $
-> WP$
-> 2
-> winter
-> NNPS
-> (
-> )
-> RBS
-> FW
-> PDT
-> UH
-> McGraw-Hill
-> McGraw
-> 4
-> 8
-> SYM
-> Firestone
-> LS
-> 10th
-> #
-> VBG|NN
-> 16
-> Del
-> Fawcett
-> 50
-> Net
-> bassoonist\
-> JJ|NN
-> RB|IN
-> processing
-> VBN|JJ
-> 32
-> NNS|NN
-> VB|NN
-> RBR|JJR
-> NN|NNS
-> JJ|RB
-> Twenty-First
-> piano
State #38 "NNPS"
initialWeight=0.0, finalWeight=0.0
#destinations=73
-> O
-> DT
-> NN
-> IN
-> RB
-> VBN
-> TO
-> VB
-> NNP
-> NNS
-> VBZ
-> JJ
-> PRP
-> RBR
-> CD
-> ,
-> VBD
-> .
-> VBG
-> WDT
-> VBP
-> PRP$
-> JJS
-> POS
-> ``
-> EX
-> ''
-> CC
-> WP
-> :
-> JJR
-> MD
-> WRB
-> RP
-> $
-> WP$
-> 2
-> winter
-> NNPS
-> (
-> )
-> RBS
-> FW
-> PDT
-> UH
-> McGraw-Hill
-> McGraw
-> 4
-> 8
-> SYM
-> Firestone
-> LS
-> 10th
-> #
-> VBG|NN
-> 16
-> Del
-> Fawcett
-> 50
-> Net
-> bassoonist\
-> JJ|NN
-> RB|IN
-> processing
-> VBN|JJ
-> 32
-> NNS|NN
-> VB|NN
-> RBR|JJR
-> NN|NNS
-> JJ|RB
-> Twenty-First
-> piano
State #39 "("
initialWeight=0.0, finalWeight=0.0
#destinations=73
-> O
-> DT
-> NN
-> IN
-> RB
-> VBN
-> TO
-> VB
-> NNP
-> NNS
-> VBZ
-> JJ
-> PRP
-> RBR
-> CD
-> ,
-> VBD
-> .
-> VBG
-> WDT
-> VBP
-> PRP$
-> JJS
-> POS
-> ``
-> EX
-> ''
-> CC
-> WP
-> :
-> JJR
-> MD
-> WRB
-> RP
-> $
-> WP$
-> 2
-> winter
-> NNPS
-> (
-> )
-> RBS
-> FW
-> PDT
-> UH
-> McGraw-Hill
-> McGraw
-> 4
-> 8
-> SYM
-> Firestone
-> LS
-> 10th
-> #
-> VBG|NN
-> 16
-> Del
-> Fawcett
-> 50
-> Net
-> bassoonist\
-> JJ|NN
-> RB|IN
-> processing
-> VBN|JJ
-> 32
-> NNS|NN
-> VB|NN
-> RBR|JJR
-> NN|NNS
-> JJ|RB
-> Twenty-First
-> piano
State #40 ")"
initialWeight=0.0, finalWeight=0.0
#destinations=73
-> O
-> DT
-> NN
-> IN
-> RB
-> VBN
-> TO
-> VB
-> NNP
-> NNS
-> VBZ
-> JJ
-> PRP
-> RBR
-> CD
-> ,
-> VBD
-> .
-> VBG
-> WDT
-> VBP
-> PRP$
-> JJS
-> POS
-> ``
-> EX
-> ''
-> CC
-> WP
-> :
-> JJR
-> MD
-> WRB
-> RP
-> $
-> WP$
-> 2
-> winter
-> NNPS
-> (
-> )
-> RBS
-> FW
-> PDT
-> UH
-> McGraw-Hill
-> McGraw
-> 4
-> 8
-> SYM
-> Firestone
-> LS
-> 10th
-> #
-> VBG|NN
-> 16
-> Del
-> Fawcett
-> 50
-> Net
-> bassoonist\
-> JJ|NN
-> RB|IN
-> processing
-> VBN|JJ
-> 32
-> NNS|NN
-> VB|NN
-> RBR|JJR
-> NN|NNS
-> JJ|RB
-> Twenty-First
-> piano
State #41 "RBS"
initialWeight=0.0, finalWeight=0.0
#destinations=73
-> O
-> DT
-> NN
-> IN
-> RB
-> VBN
-> TO
-> VB
-> NNP
-> NNS
-> VBZ
-> JJ
-> PRP
-> RBR
-> CD
-> ,
-> VBD
-> .
-> VBG
-> WDT
-> VBP
-> PRP$
-> JJS
-> POS
-> ``
-> EX
-> ''
-> CC
-> WP
-> :
-> JJR
-> MD
-> WRB
-> RP
-> $
-> WP$
-> 2
-> winter
-> NNPS
-> (
-> )
-> RBS
-> FW
-> PDT
-> UH
-> McGraw-Hill
-> McGraw
-> 4
-> 8
-> SYM
-> Firestone
-> LS
-> 10th
-> #
-> VBG|NN
-> 16
-> Del
-> Fawcett
-> 50
-> Net
-> bassoonist\
-> JJ|NN
-> RB|IN
-> processing
-> VBN|JJ
-> 32
-> NNS|NN
-> VB|NN
-> RBR|JJR
-> NN|NNS
-> JJ|RB
-> Twenty-First
-> piano
State #42 "FW"
initialWeight=0.0, finalWeight=0.0
#destinations=73
-> O
-> DT
-> NN
-> IN
-> RB
-> VBN
-> TO
-> VB
-> NNP
-> NNS
-> VBZ
-> JJ
-> PRP
-> RBR
-> CD
-> ,
-> VBD
-> .
-> VBG
-> WDT
-> VBP
-> PRP$
-> JJS
-> POS
-> ``
-> EX
-> ''
-> CC
-> WP
-> :
-> JJR
-> MD
-> WRB
-> RP
-> $
-> WP$
-> 2
-> winter
-> NNPS
-> (
-> )
-> RBS
-> FW
-> PDT
-> UH
-> McGraw-Hill
-> McGraw
-> 4
-> 8
-> SYM
-> Firestone
-> LS
-> 10th
-> #
-> VBG|NN
-> 16
-> Del
-> Fawcett
-> 50
-> Net
-> bassoonist\
-> JJ|NN
-> RB|IN
-> processing
-> VBN|JJ
-> 32
-> NNS|NN
-> VB|NN
-> RBR|JJR
-> NN|NNS
-> JJ|RB
-> Twenty-First
-> piano
State #43 "PDT"
initialWeight=0.0, finalWeight=0.0
#destinations=73
-> O
-> DT
-> NN
-> IN
-> RB
-> VBN
-> TO
-> VB
-> NNP
-> NNS
-> VBZ
-> JJ
-> PRP
-> RBR
-> CD
-> ,
-> VBD
-> .
-> VBG
-> WDT
-> VBP
-> PRP$
-> JJS
-> POS
-> ``
-> EX
-> ''
-> CC
-> WP
-> :
-> JJR
-> MD
-> WRB
-> RP
-> $
-> WP$
-> 2
-> winter
-> NNPS
-> (
-> )
-> RBS
-> FW
-> PDT
-> UH
-> McGraw-Hill
-> McGraw
-> 4
-> 8
-> SYM
-> Firestone
-> LS
-> 10th
-> #
-> VBG|NN
-> 16
-> Del
-> Fawcett
-> 50
-> Net
-> bassoonist\
-> JJ|NN
-> RB|IN
-> processing
-> VBN|JJ
-> 32
-> NNS|NN
-> VB|NN
-> RBR|JJR
-> NN|NNS
-> JJ|RB
-> Twenty-First
-> piano
State #44 "UH"
initialWeight=0.0, finalWeight=0.0
#destinations=73
-> O
-> DT
-> NN
-> IN
-> RB
-> VBN
-> TO
-> VB
-> NNP
-> NNS
-> VBZ
-> JJ
-> PRP
-> RBR
-> CD
-> ,
-> VBD
-> .
-> VBG
-> WDT
-> VBP
-> PRP$
-> JJS
-> POS
-> ``
-> EX
-> ''
-> CC
-> WP
-> :
-> JJR
-> MD
-> WRB
-> RP
-> $
-> WP$
-> 2
-> winter
-> NNPS
-> (
-> )
-> RBS
-> FW
-> PDT
-> UH
-> McGraw-Hill
-> McGraw
-> 4
-> 8
-> SYM
-> Firestone
-> LS
-> 10th
-> #
-> VBG|NN
-> 16
-> Del
-> Fawcett
-> 50
-> Net
-> bassoonist\
-> JJ|NN
-> RB|IN
-> processing
-> VBN|JJ
-> 32
-> NNS|NN
-> VB|NN
-> RBR|JJR
-> NN|NNS
-> JJ|RB
-> Twenty-First
-> piano
State #45 "McGraw-Hill"
initialWeight=0.0, finalWeight=0.0
#destinations=73
-> O
-> DT
-> NN
-> IN
-> RB
-> VBN
-> TO
-> VB
-> NNP
-> NNS
-> VBZ
-> JJ
-> PRP
-> RBR
-> CD
-> ,
-> VBD
-> .
-> VBG
-> WDT
-> VBP
-> PRP$
-> JJS
-> POS
-> ``
-> EX
-> ''
-> CC
-> WP
-> :
-> JJR
-> MD
-> WRB
-> RP
-> $
-> WP$
-> 2
-> winter
-> NNPS
-> (
-> )
-> RBS
-> FW
-> PDT
-> UH
-> McGraw-Hill
-> McGraw
-> 4
-> 8
-> SYM
-> Firestone
-> LS
-> 10th
-> #
-> VBG|NN
-> 16
-> Del
-> Fawcett
-> 50
-> Net
-> bassoonist\
-> JJ|NN
-> RB|IN
-> processing
-> VBN|JJ
-> 32
-> NNS|NN
-> VB|NN
-> RBR|JJR
-> NN|NNS
-> JJ|RB
-> Twenty-First
-> piano
State #46 "McGraw"
initialWeight=0.0, finalWeight=0.0
#destinations=73
-> O
-> DT
-> NN
-> IN
-> RB
-> VBN
-> TO
-> VB
-> NNP
-> NNS
-> VBZ
-> JJ
-> PRP
-> RBR
-> CD
-> ,
-> VBD
-> .
-> VBG
-> WDT
-> VBP
-> PRP$
-> JJS
-> POS
-> ``
-> EX
-> ''
-> CC
-> WP
-> :
-> JJR
-> MD
-> WRB
-> RP
-> $
-> WP$
-> 2
-> winter
-> NNPS
-> (
-> )
-> RBS
-> FW
-> PDT
-> UH
-> McGraw-Hill
-> McGraw
-> 4
-> 8
-> SYM
-> Firestone
-> LS
-> 10th
-> #
-> VBG|NN
-> 16
-> Del
-> Fawcett
-> 50
-> Net
-> bassoonist\
-> JJ|NN
-> RB|IN
-> processing
-> VBN|JJ
-> 32
-> NNS|NN
-> VB|NN
-> RBR|JJR
-> NN|NNS
-> JJ|RB
-> Twenty-First
-> piano
State #47 "4"
initialWeight=0.0, finalWeight=0.0
#destinations=73
-> O
-> DT
-> NN
-> IN
-> RB
-> VBN
-> TO
-> VB
-> NNP
-> NNS
-> VBZ
-> JJ
-> PRP
-> RBR
-> CD
-> ,
-> VBD
-> .
-> VBG
-> WDT
-> VBP
-> PRP$
-> JJS
-> POS
-> ``
-> EX
-> ''
-> CC
-> WP
-> :
-> JJR
-> MD
-> WRB
-> RP
-> $
-> WP$
-> 2
-> winter
-> NNPS
-> (
-> )
-> RBS
-> FW
-> PDT
-> UH
-> McGraw-Hill
-> McGraw
-> 4
-> 8
-> SYM
-> Firestone
-> LS
-> 10th
-> #
-> VBG|NN
-> 16
-> Del
-> Fawcett
-> 50
-> Net
-> bassoonist\
-> JJ|NN
-> RB|IN
-> processing
-> VBN|JJ
-> 32
-> NNS|NN
-> VB|NN
-> RBR|JJR
-> NN|NNS
-> JJ|RB
-> Twenty-First
-> piano
State #48 "8"
initialWeight=0.0, finalWeight=0.0
#destinations=73
-> O
-> DT
-> NN
-> IN
-> RB
-> VBN
-> TO
-> VB
-> NNP
-> NNS
-> VBZ
-> JJ
-> PRP
-> RBR
-> CD
-> ,
-> VBD
-> .
-> VBG
-> WDT
-> VBP
-> PRP$
-> JJS
-> POS
-> ``
-> EX
-> ''
-> CC
-> WP
-> :
-> JJR
-> MD
-> WRB
-> RP
-> $
-> WP$
-> 2
-> winter
-> NNPS
-> (
-> )
-> RBS
-> FW
-> PDT
-> UH
-> McGraw-Hill
-> McGraw
-> 4
-> 8
-> SYM
-> Firestone
-> LS
-> 10th
-> #
-> VBG|NN
-> 16
-> Del
-> Fawcett
-> 50
-> Net
-> bassoonist\
-> JJ|NN
-> RB|IN
-> processing
-> VBN|JJ
-> 32
-> NNS|NN
-> VB|NN
-> RBR|JJR
-> NN|NNS
-> JJ|RB
-> Twenty-First
-> piano
State #49 "SYM"
initialWeight=0.0, finalWeight=0.0
#destinations=73
-> O
-> DT
-> NN
-> IN
-> RB
-> VBN
-> TO
-> VB
-> NNP
-> NNS
-> VBZ
-> JJ
-> PRP
-> RBR
-> CD
-> ,
-> VBD
-> .
-> VBG
-> WDT
-> VBP
-> PRP$
-> JJS
-> POS
-> ``
-> EX
-> ''
-> CC
-> WP
-> :
-> JJR
-> MD
-> WRB
-> RP
-> $
-> WP$
-> 2
-> winter
-> NNPS
-> (
-> )
-> RBS
-> FW
-> PDT
-> UH
-> McGraw-Hill
-> McGraw
-> 4
-> 8
-> SYM
-> Firestone
-> LS
-> 10th
-> #
-> VBG|NN
-> 16
-> Del
-> Fawcett
-> 50
-> Net
-> bassoonist\
-> JJ|NN
-> RB|IN
-> processing
-> VBN|JJ
-> 32
-> NNS|NN
-> VB|NN
-> RBR|JJR
-> NN|NNS
-> JJ|RB
-> Twenty-First
-> piano
State #50 "Firestone"
initialWeight=0.0, finalWeight=0.0
#destinations=73
-> O
-> DT
-> NN
-> IN
-> RB
-> VBN
-> TO
-> VB
-> NNP
-> NNS
-> VBZ
-> JJ
-> PRP
-> RBR
-> CD
-> ,
-> VBD
-> .
-> VBG
-> WDT
-> VBP
-> PRP$
-> JJS
-> POS
-> ``
-> EX
-> ''
-> CC
-> WP
-> :
-> JJR
-> MD
-> WRB
-> RP
-> $
-> WP$
-> 2
-> winter
-> NNPS
-> (
-> )
-> RBS
-> FW
-> PDT
-> UH
-> McGraw-Hill
-> McGraw
-> 4
-> 8
-> SYM
-> Firestone
-> LS
-> 10th
-> #
-> VBG|NN
-> 16
-> Del
-> Fawcett
-> 50
-> Net
-> bassoonist\
-> JJ|NN
-> RB|IN
-> processing
-> VBN|JJ
-> 32
-> NNS|NN
-> VB|NN
-> RBR|JJR
-> NN|NNS
-> JJ|RB
-> Twenty-First
-> piano
State #51 "LS"
initialWeight=0.0, finalWeight=0.0
#destinations=73
-> O
-> DT
-> NN
-> IN
-> RB
-> VBN
-> TO
-> VB
-> NNP
-> NNS
-> VBZ
-> JJ
-> PRP
-> RBR
-> CD
-> ,
-> VBD
-> .
-> VBG
-> WDT
-> VBP
-> PRP$
-> JJS
-> POS
-> ``
-> EX
-> ''
-> CC
-> WP
-> :
-> JJR
-> MD
-> WRB
-> RP
-> $
-> WP$
-> 2
-> winter
-> NNPS
-> (
-> )
-> RBS
-> FW
-> PDT
-> UH
-> McGraw-Hill
-> McGraw
-> 4
-> 8
-> SYM
-> Firestone
-> LS
-> 10th
-> #
-> VBG|NN
-> 16
-> Del
-> Fawcett
-> 50
-> Net
-> bassoonist\
-> JJ|NN
-> RB|IN
-> processing
-> VBN|JJ
-> 32
-> NNS|NN
-> VB|NN
-> RBR|JJR
-> NN|NNS
-> JJ|RB
-> Twenty-First
-> piano
State #52 "10th"
initialWeight=0.0, finalWeight=0.0
#destinations=73
-> O
-> DT
-> NN
-> IN
-> RB
-> VBN
-> TO
-> VB
-> NNP
-> NNS
-> VBZ
-> JJ
-> PRP
-> RBR
-> CD
-> ,
-> VBD
-> .
-> VBG
-> WDT
-> VBP
-> PRP$
-> JJS
-> POS
-> ``
-> EX
-> ''
-> CC
-> WP
-> :
-> JJR
-> MD
-> WRB
-> RP
-> $
-> WP$
-> 2
-> winter
-> NNPS
-> (
-> )
-> RBS
-> FW
-> PDT
-> UH
-> McGraw-Hill
-> McGraw
-> 4
-> 8
-> SYM
-> Firestone
-> LS
-> 10th
-> #
-> VBG|NN
-> 16
-> Del
-> Fawcett
-> 50
-> Net
-> bassoonist\
-> JJ|NN
-> RB|IN
-> processing
-> VBN|JJ
-> 32
-> NNS|NN
-> VB|NN
-> RBR|JJR
-> NN|NNS
-> JJ|RB
-> Twenty-First
-> piano
State #53 "#"
initialWeight=0.0, finalWeight=0.0
#destinations=73
-> O
-> DT
-> NN
-> IN
-> RB
-> VBN
-> TO
-> VB
-> NNP
-> NNS
-> VBZ
-> JJ
-> PRP
-> RBR
-> CD
-> ,
-> VBD
-> .
-> VBG
-> WDT
-> VBP
-> PRP$
-> JJS
-> POS
-> ``
-> EX
-> ''
-> CC
-> WP
-> :
-> JJR
-> MD
-> WRB
-> RP
-> $
-> WP$
-> 2
-> winter
-> NNPS
-> (
-> )
-> RBS
-> FW
-> PDT
-> UH
-> McGraw-Hill
-> McGraw
-> 4
-> 8
-> SYM
-> Firestone
-> LS
-> 10th
-> #
-> VBG|NN
-> 16
-> Del
-> Fawcett
-> 50
-> Net
-> bassoonist\
-> JJ|NN
-> RB|IN
-> processing
-> VBN|JJ
-> 32
-> NNS|NN
-> VB|NN
-> RBR|JJR
-> NN|NNS
-> JJ|RB
-> Twenty-First
-> piano
State #54 "VBG|NN"
initialWeight=0.0, finalWeight=0.0
#destinations=73
-> O
-> DT
-> NN
-> IN
-> RB
-> VBN
-> TO
-> VB
-> NNP
-> NNS
-> VBZ
-> JJ
-> PRP
-> RBR
-> CD
-> ,
-> VBD
-> .
-> VBG
-> WDT
-> VBP
-> PRP$
-> JJS
-> POS
-> ``
-> EX
-> ''
-> CC
-> WP
-> :
-> JJR
-> MD
-> WRB
-> RP
-> $
-> WP$
-> 2
-> winter
-> NNPS
-> (
-> )
-> RBS
-> FW
-> PDT
-> UH
-> McGraw-Hill
-> McGraw
-> 4
-> 8
-> SYM
-> Firestone
-> LS
-> 10th
-> #
-> VBG|NN
-> 16
-> Del
-> Fawcett
-> 50
-> Net
-> bassoonist\
-> JJ|NN
-> RB|IN
-> processing
-> VBN|JJ
-> 32
-> NNS|NN
-> VB|NN
-> RBR|JJR
-> NN|NNS
-> JJ|RB
-> Twenty-First
-> piano
State #55 "16"
initialWeight=0.0, finalWeight=0.0
#destinations=73
-> O
-> DT
-> NN
-> IN
-> RB
-> VBN
-> TO
-> VB
-> NNP
-> NNS
-> VBZ
-> JJ
-> PRP
-> RBR
-> CD
-> ,
-> VBD
-> .
-> VBG
-> WDT
-> VBP
-> PRP$
-> JJS
-> POS
-> ``
-> EX
-> ''
-> CC
-> WP
-> :
-> JJR
-> MD
-> WRB
-> RP
-> $
-> WP$
-> 2
-> winter
-> NNPS
-> (
-> )
-> RBS
-> FW
-> PDT
-> UH
-> McGraw-Hill
-> McGraw
-> 4
-> 8
-> SYM
-> Firestone
-> LS
-> 10th
-> #
-> VBG|NN
-> 16
-> Del
-> Fawcett
-> 50
-> Net
-> bassoonist\
-> JJ|NN
-> RB|IN
-> processing
-> VBN|JJ
-> 32
-> NNS|NN
-> VB|NN
-> RBR|JJR
-> NN|NNS
-> JJ|RB
-> Twenty-First
-> piano
State #56 "Del"
initialWeight=0.0, finalWeight=0.0
#destinations=73
-> O
-> DT
-> NN
-> IN
-> RB
-> VBN
-> TO
-> VB
-> NNP
-> NNS
-> VBZ
-> JJ
-> PRP
-> RBR
-> CD
-> ,
-> VBD
-> .
-> VBG
-> WDT
-> VBP
-> PRP$
-> JJS
-> POS
-> ``
-> EX
-> ''
-> CC
-> WP
-> :
-> JJR
-> MD
-> WRB
-> RP
-> $
-> WP$
-> 2
-> winter
-> NNPS
-> (
-> )
-> RBS
-> FW
-> PDT
-> UH
-> McGraw-Hill
-> McGraw
-> 4
-> 8
-> SYM
-> Firestone
-> LS
-> 10th
-> #
-> VBG|NN
-> 16
-> Del
-> Fawcett
-> 50
-> Net
-> bassoonist\
-> JJ|NN
-> RB|IN
-> processing
-> VBN|JJ
-> 32
-> NNS|NN
-> VB|NN
-> RBR|JJR
-> NN|NNS
-> JJ|RB
-> Twenty-First
-> piano
State #57 "Fawcett"
initialWeight=0.0, finalWeight=0.0
#destinations=73
-> O
-> DT
-> NN
-> IN
-> RB
-> VBN
-> TO
-> VB
-> NNP
-> NNS
-> VBZ
-> JJ
-> PRP
-> RBR
-> CD
-> ,
-> VBD
-> .
-> VBG
-> WDT
-> VBP
-> PRP$
-> JJS
-> POS
-> ``
-> EX
-> ''
-> CC
-> WP
-> :
-> JJR
-> MD
-> WRB
-> RP
-> $
-> WP$
-> 2
-> winter
-> NNPS
-> (
-> )
-> RBS
-> FW
-> PDT
-> UH
-> McGraw-Hill
-> McGraw
-> 4
-> 8
-> SYM
-> Firestone
-> LS
-> 10th
-> #
-> VBG|NN
-> 16
-> Del
-> Fawcett
-> 50
-> Net
-> bassoonist\
-> JJ|NN
-> RB|IN
-> processing
-> VBN|JJ
-> 32
-> NNS|NN
-> VB|NN
-> RBR|JJR
-> NN|NNS
-> JJ|RB
-> Twenty-First
-> piano
State #58 "50"
initialWeight=0.0, finalWeight=0.0
#destinations=73
-> O
-> DT
-> NN
-> IN
-> RB
-> VBN
-> TO
-> VB
-> NNP
-> NNS
-> VBZ
-> JJ
-> PRP
-> RBR
-> CD
-> ,
-> VBD
-> .
-> VBG
-> WDT
-> VBP
-> PRP$
-> JJS
-> POS
-> ``
-> EX
-> ''
-> CC
-> WP
-> :
-> JJR
-> MD
-> WRB
-> RP
-> $
-> WP$
-> 2
-> winter
-> NNPS
-> (
-> )
-> RBS
-> FW
-> PDT
-> UH
-> McGraw-Hill
-> McGraw
-> 4
-> 8
-> SYM
-> Firestone
-> LS
-> 10th
-> #
-> VBG|NN
-> 16
-> Del
-> Fawcett
-> 50
-> Net
-> bassoonist\
-> JJ|NN
-> RB|IN
-> processing
-> VBN|JJ
-> 32
-> NNS|NN
-> VB|NN
-> RBR|JJR
-> NN|NNS
-> JJ|RB
-> Twenty-First
-> piano
State #59 "Net"
initialWeight=0.0, finalWeight=0.0
#destinations=73
-> O
-> DT
-> NN
-> IN
-> RB
-> VBN
-> TO
-> VB
-> NNP
-> NNS
-> VBZ
-> JJ
-> PRP
-> RBR
-> CD
-> ,
-> VBD
-> .
-> VBG
-> WDT
-> VBP
-> PRP$
-> JJS
-> POS
-> ``
-> EX
-> ''
-> CC
-> WP
-> :
-> JJR
-> MD
-> WRB
-> RP
-> $
-> WP$
-> 2
-> winter
-> NNPS
-> (
-> )
-> RBS
-> FW
-> PDT
-> UH
-> McGraw-Hill
-> McGraw
-> 4
-> 8
-> SYM
-> Firestone
-> LS
-> 10th
-> #
-> VBG|NN
-> 16
-> Del
-> Fawcett
-> 50
-> Net
-> bassoonist\
-> JJ|NN
-> RB|IN
-> processing
-> VBN|JJ
-> 32
-> NNS|NN
-> VB|NN
-> RBR|JJR
-> NN|NNS
-> JJ|RB
-> Twenty-First
-> piano
State #60 "bassoonist\"
initialWeight=0.0, finalWeight=0.0
#destinations=73
-> O
-> DT
-> NN
-> IN
-> RB
-> VBN
-> TO
-> VB
-> NNP
-> NNS
-> VBZ
-> JJ
-> PRP
-> RBR
-> CD
-> ,
-> VBD
-> .
-> VBG
-> WDT
-> VBP
-> PRP$
-> JJS
-> POS
-> ``
-> EX
-> ''
-> CC
-> WP
-> :
-> JJR
-> MD
-> WRB
-> RP
-> $
-> WP$
-> 2
-> winter
-> NNPS
-> (
-> )
-> RBS
-> FW
-> PDT
-> UH
-> McGraw-Hill
-> McGraw
-> 4
-> 8
-> SYM
-> Firestone
-> LS
-> 10th
-> #
-> VBG|NN
-> 16
-> Del
-> Fawcett
-> 50
-> Net
-> bassoonist\
-> JJ|NN
-> RB|IN
-> processing
-> VBN|JJ
-> 32
-> NNS|NN
-> VB|NN
-> RBR|JJR
-> NN|NNS
-> JJ|RB
-> Twenty-First
-> piano
State #61 "JJ|NN"
initialWeight=0.0, finalWeight=0.0
#destinations=73
-> O
-> DT
-> NN
-> IN
-> RB
-> VBN
-> TO
-> VB
-> NNP
-> NNS
-> VBZ
-> JJ
-> PRP
-> RBR
-> CD
-> ,
-> VBD
-> .
-> VBG
-> WDT
-> VBP
-> PRP$
-> JJS
-> POS
-> ``
-> EX
-> ''
-> CC
-> WP
-> :
-> JJR
-> MD
-> WRB
-> RP
-> $
-> WP$
-> 2
-> winter
-> NNPS
-> (
-> )
-> RBS
-> FW
-> PDT
-> UH
-> McGraw-Hill
-> McGraw
-> 4
-> 8
-> SYM
-> Firestone
-> LS
-> 10th
-> #
-> VBG|NN
-> 16
-> Del
-> Fawcett
-> 50
-> Net
-> bassoonist\
-> JJ|NN
-> RB|IN
-> processing
-> VBN|JJ
-> 32
-> NNS|NN
-> VB|NN
-> RBR|JJR
-> NN|NNS
-> JJ|RB
-> Twenty-First
-> piano
State #62 "RB|IN"
initialWeight=0.0, finalWeight=0.0
#destinations=73
-> O
-> DT
-> NN
-> IN
-> RB
-> VBN
-> TO
-> VB
-> NNP
-> NNS
-> VBZ
-> JJ
-> PRP
-> RBR
-> CD
-> ,
-> VBD
-> .
-> VBG
-> WDT
-> VBP
-> PRP$
-> JJS
-> POS
-> ``
-> EX
-> ''
-> CC
-> WP
-> :
-> JJR
-> MD
-> WRB
-> RP
-> $
-> WP$
-> 2
-> winter
-> NNPS
-> (
-> )
-> RBS
-> FW
-> PDT
-> UH
-> McGraw-Hill
-> McGraw
-> 4
-> 8
-> SYM
-> Firestone
-> LS
-> 10th
-> #
-> VBG|NN
-> 16
-> Del
-> Fawcett
-> 50
-> Net
-> bassoonist\
-> JJ|NN
-> RB|IN
-> processing
-> VBN|JJ
-> 32
-> NNS|NN
-> VB|NN
-> RBR|JJR
-> NN|NNS
-> JJ|RB
-> Twenty-First
-> piano
State #63 "processing"
initialWeight=0.0, finalWeight=0.0
#destinations=73
-> O
-> DT
-> NN
-> IN
-> RB
-> VBN
-> TO
-> VB
-> NNP
-> NNS
-> VBZ
-> JJ
-> PRP
-> RBR
-> CD
-> ,
-> VBD
-> .
-> VBG
-> WDT
-> VBP
-> PRP$
-> JJS
-> POS
-> ``
-> EX
-> ''
-> CC
-> WP
-> :
-> JJR
-> MD
-> WRB
-> RP
-> $
-> WP$
-> 2
-> winter
-> NNPS
-> (
-> )
-> RBS
-> FW
-> PDT
-> UH
-> McGraw-Hill
-> McGraw
-> 4
-> 8
-> SYM
-> Firestone
-> LS
-> 10th
-> #
-> VBG|NN
-> 16
-> Del
-> Fawcett
-> 50
-> Net
-> bassoonist\
-> JJ|NN
-> RB|IN
-> processing
-> VBN|JJ
-> 32
-> NNS|NN
-> VB|NN
-> RBR|JJR
-> NN|NNS
-> JJ|RB
-> Twenty-First
-> piano
State #64 "VBN|JJ"
initialWeight=0.0, finalWeight=0.0
#destinations=73
-> O
-> DT
-> NN
-> IN
-> RB
-> VBN
-> TO
-> VB
-> NNP
-> NNS
-> VBZ
-> JJ
-> PRP
-> RBR
-> CD
-> ,
-> VBD
-> .
-> VBG
-> WDT
-> VBP
-> PRP$
-> JJS
-> POS
-> ``
-> EX
-> ''
-> CC
-> WP
-> :
-> JJR
-> MD
-> WRB
-> RP
-> $
-> WP$
-> 2
-> winter
-> NNPS
-> (
-> )
-> RBS
-> FW
-> PDT
-> UH
-> McGraw-Hill
-> McGraw
-> 4
-> 8
-> SYM
-> Firestone
-> LS
-> 10th
-> #
-> VBG|NN
-> 16
-> Del
-> Fawcett
-> 50
-> Net
-> bassoonist\
-> JJ|NN
-> RB|IN
-> processing
-> VBN|JJ
-> 32
-> NNS|NN
-> VB|NN
-> RBR|JJR
-> NN|NNS
-> JJ|RB
-> Twenty-First
-> piano
State #65 "32"
initialWeight=0.0, finalWeight=0.0
#destinations=73
-> O
-> DT
-> NN
-> IN
-> RB
-> VBN
-> TO
-> VB
-> NNP
-> NNS
-> VBZ
-> JJ
-> PRP
-> RBR
-> CD
-> ,
-> VBD
-> .
-> VBG
-> WDT
-> VBP
-> PRP$
-> JJS
-> POS
-> ``
-> EX
-> ''
-> CC
-> WP
-> :
-> JJR
-> MD
-> WRB
-> RP
-> $
-> WP$
-> 2
-> winter
-> NNPS
-> (
-> )
-> RBS
-> FW
-> PDT
-> UH
-> McGraw-Hill
-> McGraw
-> 4
-> 8
-> SYM
-> Firestone
-> LS
-> 10th
-> #
-> VBG|NN
-> 16
-> Del
-> Fawcett
-> 50
-> Net
-> bassoonist\
-> JJ|NN
-> RB|IN
-> processing
-> VBN|JJ
-> 32
-> NNS|NN
-> VB|NN
-> RBR|JJR
-> NN|NNS
-> JJ|RB
-> Twenty-First
-> piano
State #66 "NNS|NN"
initialWeight=0.0, finalWeight=0.0
#destinations=73
-> O
-> DT
-> NN
-> IN
-> RB
-> VBN
-> TO
-> VB
-> NNP
-> NNS
-> VBZ
-> JJ
-> PRP
-> RBR
-> CD
-> ,
-> VBD
-> .
-> VBG
-> WDT
-> VBP
-> PRP$
-> JJS
-> POS
-> ``
-> EX
-> ''
-> CC
-> WP
-> :
-> JJR
-> MD
-> WRB
-> RP
-> $
-> WP$
-> 2
-> winter
-> NNPS
-> (
-> )
-> RBS
-> FW
-> PDT
-> UH
-> McGraw-Hill
-> McGraw
-> 4
-> 8
-> SYM
-> Firestone
-> LS
-> 10th
-> #
-> VBG|NN
-> 16
-> Del
-> Fawcett
-> 50
-> Net
-> bassoonist\
-> JJ|NN
-> RB|IN
-> processing
-> VBN|JJ
-> 32
-> NNS|NN
-> VB|NN
-> RBR|JJR
-> NN|NNS
-> JJ|RB
-> Twenty-First
-> piano
State #67 "VB|NN"
initialWeight=0.0, finalWeight=0.0
#destinations=73
-> O
-> DT
-> NN
-> IN
-> RB
-> VBN
-> TO
-> VB
-> NNP
-> NNS
-> VBZ
-> JJ
-> PRP
-> RBR
-> CD
-> ,
-> VBD
-> .
-> VBG
-> WDT
-> VBP
-> PRP$
-> JJS
-> POS
-> ``
-> EX
-> ''
-> CC
-> WP
-> :
-> JJR
-> MD
-> WRB
-> RP
-> $
-> WP$
-> 2
-> winter
-> NNPS
-> (
-> )
-> RBS
-> FW
-> PDT
-> UH
-> McGraw-Hill
-> McGraw
-> 4
-> 8
-> SYM
-> Firestone
-> LS
-> 10th
-> #
-> VBG|NN
-> 16
-> Del
-> Fawcett
-> 50
-> Net
-> bassoonist\
-> JJ|NN
-> RB|IN
-> processing
-> VBN|JJ
-> 32
-> NNS|NN
-> VB|NN
-> RBR|JJR
-> NN|NNS
-> JJ|RB
-> Twenty-First
-> piano
State #68 "RBR|JJR"
initialWeight=0.0, finalWeight=0.0
#destinations=73
-> O
-> DT
-> NN
-> IN
-> RB
-> VBN
-> TO
-> VB
-> NNP
-> NNS
-> VBZ
-> JJ
-> PRP
-> RBR
-> CD
-> ,
-> VBD
-> .
-> VBG
-> WDT
-> VBP
-> PRP$
-> JJS
-> POS
-> ``
-> EX
-> ''
-> CC
-> WP
-> :
-> JJR
-> MD
-> WRB
-> RP
-> $
-> WP$
-> 2
-> winter
-> NNPS
-> (
-> )
-> RBS
-> FW
-> PDT
-> UH
-> McGraw-Hill
-> McGraw
-> 4
-> 8
-> SYM
-> Firestone
-> LS
-> 10th
-> #
-> VBG|NN
-> 16
-> Del
-> Fawcett
-> 50
-> Net
-> bassoonist\
-> JJ|NN
-> RB|IN
-> processing
-> VBN|JJ
-> 32
-> NNS|NN
-> VB|NN
-> RBR|JJR
-> NN|NNS
-> JJ|RB
-> Twenty-First
-> piano
State #69 "NN|NNS"
initialWeight=0.0, finalWeight=0.0
#destinations=73
-> O
-> DT
-> NN
-> IN
-> RB
-> VBN
-> TO
-> VB
-> NNP
-> NNS
-> VBZ
-> JJ
-> PRP
-> RBR
-> CD
-> ,
-> VBD
-> .
-> VBG
-> WDT
-> VBP
-> PRP$
-> JJS
-> POS
-> ``
-> EX
-> ''
-> CC
-> WP
-> :
-> JJR
-> MD
-> WRB
-> RP
-> $
-> WP$
-> 2
-> winter
-> NNPS
-> (
-> )
-> RBS
-> FW
-> PDT
-> UH
-> McGraw-Hill
-> McGraw
-> 4
-> 8
-> SYM
-> Firestone
-> LS
-> 10th
-> #
-> VBG|NN
-> 16
-> Del
-> Fawcett
-> 50
-> Net
-> bassoonist\
-> JJ|NN
-> RB|IN
-> processing
-> VBN|JJ
-> 32
-> NNS|NN
-> VB|NN
-> RBR|JJR
-> NN|NNS
-> JJ|RB
-> Twenty-First
-> piano
State #70 "JJ|RB"
initialWeight=0.0, finalWeight=0.0
#destinations=73
-> O
-> DT
-> NN
-> IN
-> RB
-> VBN
-> TO
-> VB
-> NNP
-> NNS
-> VBZ
-> JJ
-> PRP
-> RBR
-> CD
-> ,
-> VBD
-> .
-> VBG
-> WDT
-> VBP
-> PRP$
-> JJS
-> POS
-> ``
-> EX
-> ''
-> CC
-> WP
-> :
-> JJR
-> MD
-> WRB
-> RP
-> $
-> WP$
-> 2
-> winter
-> NNPS
-> (
-> )
-> RBS
-> FW
-> PDT
-> UH
-> McGraw-Hill
-> McGraw
-> 4
-> 8
-> SYM
-> Firestone
-> LS
-> 10th
-> #
-> VBG|NN
-> 16
-> Del
-> Fawcett
-> 50
-> Net
-> bassoonist\
-> JJ|NN
-> RB|IN
-> processing
-> VBN|JJ
-> 32
-> NNS|NN
-> VB|NN
-> RBR|JJR
-> NN|NNS
-> JJ|RB
-> Twenty-First
-> piano
State #71 "Twenty-First"
initialWeight=0.0, finalWeight=0.0
#destinations=73
-> O
-> DT
-> NN
-> IN
-> RB
-> VBN
-> TO
-> VB
-> NNP
-> NNS
-> VBZ
-> JJ
-> PRP
-> RBR
-> CD
-> ,
-> VBD
-> .
-> VBG
-> WDT
-> VBP
-> PRP$
-> JJS
-> POS
-> ``
-> EX
-> ''
-> CC
-> WP
-> :
-> JJR
-> MD
-> WRB
-> RP
-> $
-> WP$
-> 2
-> winter
-> NNPS
-> (
-> )
-> RBS
-> FW
-> PDT
-> UH
-> McGraw-Hill
-> McGraw
-> 4
-> 8
-> SYM
-> Firestone
-> LS
-> 10th
-> #
-> VBG|NN
-> 16
-> Del
-> Fawcett
-> 50
-> Net
-> bassoonist\
-> JJ|NN
-> RB|IN
-> processing
-> VBN|JJ
-> 32
-> NNS|NN
-> VB|NN
-> RBR|JJR
-> NN|NNS
-> JJ|RB
-> Twenty-First
-> piano
State #72 "piano"
initialWeight=0.0, finalWeight=0.0
#destinations=73
-> O
-> DT
-> NN
-> IN
-> RB
-> VBN
-> TO
-> VB
-> NNP
-> NNS
-> VBZ
-> JJ
-> PRP
-> RBR
-> CD
-> ,
-> VBD
-> .
-> VBG
-> WDT
-> VBP
-> PRP$
-> JJS
-> POS
-> ``
-> EX
-> ''
-> CC
-> WP
-> :
-> JJR
-> MD
-> WRB
-> RP
-> $
-> WP$
-> 2
-> winter
-> NNPS
-> (
-> )
-> RBS
-> FW
-> PDT
-> UH
-> McGraw-Hill
-> McGraw
-> 4
-> 8
-> SYM
-> Firestone
-> LS
-> 10th
-> #
-> VBG|NN
-> 16
-> Del
-> Fawcett
-> 50
-> Net
-> bassoonist\
-> JJ|NN
-> RB|IN
-> processing
-> VBN|JJ
-> 32
-> NNS|NN
-> VB|NN
-> RBR|JJR
-> NN|NNS
-> JJ|RB
-> Twenty-First
-> piano
